1532598386277	geckodriver	INFO	geckodriver 0.21.0
1532598386281	geckodriver	INFO	Listening on 127.0.0.1:51156
1532598387306	mozrunner::runner	INFO	Running command: "/Applications/Firefox.app/Contents/MacOS/firefox-bin" "-marionette" "-foreground" "-no-remote" "-profile" "/var/folders/8h/07lsbt1s45s046qgm82pksyr0000gn/T/rust_mozprofile.QDeRoJxNs7YL"
2018-07-26 09:46:28.750 plugin-container[4084:218684] *** CFMessagePort: bootstrap_register(): failed 1100 (0x44c) 'Permission denied', port = 0x8643, name = 'com.apple.tsm.portname'
See /usr/include/servers/bootstrap_defs.h for the error codes.
2018-07-26 09:46:28.999 plugin-container[4085:218731] *** CFMessagePort: bootstrap_register(): failed 1100 (0x44c) 'Permission denied', port = 0x773b, name = 'com.apple.tsm.portname'
See /usr/include/servers/bootstrap_defs.h for the error codes.
1532598389298	Marionette	INFO	Listening on port 51167
1532598389357	Marionette	WARN	TLS certificate errors will be ignored for this session
2018-07-26 09:46:29.714 plugin-container[4086:218904] *** CFMessagePort: bootstrap_register(): failed 1100 (0x44c) 'Permission denied', port = 0x7103, name = 'com.apple.tsm.portname'
See /usr/include/servers/bootstrap_defs.h for the error codes.
*** UTM:SVC TimerManager:registerTimer called after profile-before-change notification. Ignoring timer registration for id: telemetry_modules_ping
1532598602758	geckodriver	INFO	geckodriver 0.21.0
1532598602783	geckodriver	INFO	Listening on 127.0.0.1:51248
1532598603780	mozrunner::runner	INFO	Running command: "/Applications/Firefox.app/Contents/MacOS/firefox-bin" "-marionette" "-foreground" "-no-remote" "-profile" "/var/folders/8h/07lsbt1s45s046qgm82pksyr0000gn/T/rust_mozprofile.9wfO3NoTdAHy"
2018-07-26 09:50:04.972 plugin-container[4217:225775] *** CFMessagePort: bootstrap_register(): failed 1100 (0x44c) 'Permission denied', port = 0x7243, name = 'com.apple.tsm.portname'
See /usr/include/servers/bootstrap_defs.h for the error codes.
2018-07-26 09:50:05.094 plugin-container[4218:225800] *** CFMessagePort: bootstrap_register(): failed 1100 (0x44c) 'Permission denied', port = 0x783f, name = 'com.apple.tsm.portname'
See /usr/include/servers/bootstrap_defs.h for the error codes.
1532598605313	Marionette	INFO	Listening on port 51259
1532598605333	Marionette	WARN	TLS certificate errors will be ignored for this session
2018-07-26 09:50:05.903 plugin-container[4219:225943] *** CFMessagePort: bootstrap_register(): failed 1100 (0x44c) 'Permission denied', port = 0x863f, name = 'com.apple.tsm.portname'
See /usr/include/servers/bootstrap_defs.h for the error codes.
*** UTM:SVC TimerManager:registerTimer called after profile-before-change notification. Ignoring timer registration for id: telemetry_modules_ping
1532598618002	geckodriver	INFO	geckodriver 0.21.0
1532598618007	geckodriver	INFO	Listening on 127.0.0.1:51312
1532598619016	mozrunner::runner	INFO	Running command: "/Applications/Firefox.app/Contents/MacOS/firefox-bin" "-marionette" "-foreground" "-no-remote" "-profile" "/var/folders/8h/07lsbt1s45s046qgm82pksyr0000gn/T/rust_mozprofile.dzFiDI0NEsg5"
2018-07-26 09:50:20.074 plugin-container[4230:226199] *** CFMessagePort: bootstrap_register(): failed 1100 (0x44c) 'Permission denied', port = 0x8a3b, name = 'com.apple.tsm.portname'
See /usr/include/servers/bootstrap_defs.h for the error codes.
2018-07-26 09:50:20.219 plugin-container[4231:226223] *** CFMessagePort: bootstrap_register(): failed 1100 (0x44c) 'Permission denied', port = 0x8203, name = 'com.apple.tsm.portname'
See /usr/include/servers/bootstrap_defs.h for the error codes.
1532598620412	Marionette	INFO	Listening on port 51319
1532598620459	Marionette	WARN	TLS certificate errors will be ignored for this session
2018-07-26 09:50:20.999 plugin-container[4232:226359] *** CFMessagePort: bootstrap_register(): failed 1100 (0x44c) 'Permission denied', port = 0x8943, name = 'com.apple.tsm.portname'
See /usr/include/servers/bootstrap_defs.h for the error codes.
*** UTM:SVC TimerManager:registerTimer called after profile-before-change notification. Ignoring timer registration for id: telemetry_modules_ping
1532599448773	geckodriver	INFO	geckodriver 0.21.0
1532599448807	geckodriver	INFO	Listening on 127.0.0.1:51489
1532599449791	mozrunner::runner	INFO	Running command: "/Applications/Firefox.app/Contents/MacOS/firefox-bin" "-marionette" "-foreground" "-no-remote" "-profile" "/var/folders/8h/07lsbt1s45s046qgm82pksyr0000gn/T/rust_mozprofile.RfaJEcLCm6tS"
2018-07-26 10:04:10.899 plugin-container[4548:248642] *** CFMessagePort: bootstrap_register(): failed 1100 (0x44c) 'Permission denied', port = 0x863f, name = 'com.apple.tsm.portname'
See /usr/include/servers/bootstrap_defs.h for the error codes.
2018-07-26 10:04:11.127 plugin-container[4549:248685] *** CFMessagePort: bootstrap_register(): failed 1100 (0x44c) 'Permission denied', port = 0x893f, name = 'com.apple.tsm.portname'
See /usr/include/servers/bootstrap_defs.h for the error codes.
1532599451317	Marionette	INFO	Listening on port 51496
1532599451337	Marionette	WARN	TLS certificate errors will be ignored for this session
2018-07-26 10:04:11.908 plugin-container[4550:248885] *** CFMessagePort: bootstrap_register(): failed 1100 (0x44c) 'Permission denied', port = 0x8e07, name = 'com.apple.tsm.portname'
See /usr/include/servers/bootstrap_defs.h for the error codes.
*** UTM:SVC TimerManager:registerTimer called after profile-before-change notification. Ignoring timer registration for id: telemetry_modules_ping
1532599551104	geckodriver	INFO	geckodriver 0.21.0
1532599551110	geckodriver	INFO	Listening on 127.0.0.1:51554
1532599552125	mozrunner::runner	INFO	Running command: "/Applications/Firefox.app/Contents/MacOS/firefox-bin" "-marionette" "-foreground" "-no-remote" "-profile" "/var/folders/8h/07lsbt1s45s046qgm82pksyr0000gn/T/rust_mozprofile.KMiYzFY4uhrP"
2018-07-26 10:05:53.222 plugin-container[4594:251009] *** CFMessagePort: bootstrap_register(): failed 1100 (0x44c) 'Permission denied', port = 0x7b03, name = 'com.apple.tsm.portname'
See /usr/include/servers/bootstrap_defs.h for the error codes.
2018-07-26 10:05:53.380 plugin-container[4595:251040] *** CFMessagePort: bootstrap_register(): failed 1100 (0x44c) 'Permission denied', port = 0x8607, name = 'com.apple.tsm.portname'
See /usr/include/servers/bootstrap_defs.h for the error codes.
1532599553553	Marionette	INFO	Listening on port 51561
1532599553567	Marionette	WARN	TLS certificate errors will be ignored for this session
2018-07-26 10:05:54.140 plugin-container[4596:251189] *** CFMessagePort: bootstrap_register(): failed 1100 (0x44c) 'Permission denied', port = 0x783f, name = 'com.apple.tsm.portname'
See /usr/include/servers/bootstrap_defs.h for the error codes.
*** UTM:SVC TimerManager:registerTimer called after profile-before-change notification. Ignoring timer registration for id: telemetry_modules_ping
1532599580384	geckodriver	INFO	geckodriver 0.21.0
1532599580388	geckodriver	INFO	Listening on 127.0.0.1:51614
1532599581399	mozrunner::runner	INFO	Running command: "/Applications/Firefox.app/Contents/MacOS/firefox-bin" "-marionette" "-foreground" "-no-remote" "-profile" "/var/folders/8h/07lsbt1s45s046qgm82pksyr0000gn/T/rust_mozprofile.dr0WvItHyuem"
2018-07-26 10:06:22.451 plugin-container[4607:251669] *** CFMessagePort: bootstrap_register(): failed 1100 (0x44c) 'Permission denied', port = 0x7d03, name = 'com.apple.tsm.portname'
See /usr/include/servers/bootstrap_defs.h for the error codes.
2018-07-26 10:06:22.601 plugin-container[4608:251708] *** CFMessagePort: bootstrap_register(): failed 1100 (0x44c) 'Permission denied', port = 0x8a0b, name = 'com.apple.tsm.portname'
See /usr/include/servers/bootstrap_defs.h for the error codes.
1532599582858	Marionette	INFO	Listening on port 51621
1532599582938	Marionette	WARN	TLS certificate errors will be ignored for this session
2018-07-26 10:06:23.367 plugin-container[4609:251916] *** CFMessagePort: bootstrap_register(): failed 1100 (0x44c) 'Permission denied', port = 0x8503, name = 'com.apple.tsm.portname'
See /usr/include/servers/bootstrap_defs.h for the error codes.
*** UTM:SVC TimerManager:registerTimer called after profile-before-change notification. Ignoring timer registration for id: telemetry_modules_ping
1532600007552	geckodriver	INFO	geckodriver 0.21.0
1532600007557	geckodriver	INFO	Listening on 127.0.0.1:51691
1532600008567	mozrunner::runner	INFO	Running command: "/Applications/Firefox.app/Contents/MacOS/firefox-bin" "-marionette" "-foreground" "-no-remote" "-profile" "/var/folders/8h/07lsbt1s45s046qgm82pksyr0000gn/T/rust_mozprofile.dsLQSAPWNFNU"
2018-07-26 10:13:29.618 plugin-container[4679:262535] *** CFMessagePort: bootstrap_register(): failed 1100 (0x44c) 'Permission denied', port = 0x7c3f, name = 'com.apple.tsm.portname'
See /usr/include/servers/bootstrap_defs.h for the error codes.
2018-07-26 10:13:29.770 plugin-container[4680:262558] *** CFMessagePort: bootstrap_register(): failed 1100 (0x44c) 'Permission denied', port = 0x873f, name = 'com.apple.tsm.portname'
See /usr/include/servers/bootstrap_defs.h for the error codes.
1532600009955	Marionette	INFO	Listening on port 51698
1532600010021	Marionette	WARN	TLS certificate errors will be ignored for this session
JavaScript error: resource:///modules/SavantShieldStudy.jsm, line 171: TypeError: this.addonListener is undefined
JavaScript error: resource://gre/modules/JSONFile.jsm, line 159: Error: Data is not ready.
JavaScript error: resource://gre/modules/JSONFile.jsm, line 159: Error: Data is not ready.
JavaScript error: resource://gre/modules/JSONFile.jsm, line 159: Error: Data is not ready.
*** UTM:SVC TimerManager:registerTimer called after profile-before-change notification. Ignoring timer registration for id: telemetry_modules_ping
JavaScript error: resource://gre/modules/osfile/osfile_async_front.jsm, line 408: Error: OS.File has been shut down. Rejecting post to DirectoryIterator_prototype_close
JavaScript error: resource://gre/modules/ProfileAge.jsm, line 174: Error: Unable to fetch oldest profile entry: Error: OS.File has been shut down. Rejecting request to DirectoryIterator_prototype_next
JavaScript error: resource://gre/modules/osfile/osfile_async_front.jsm, line 408: Error: OS.File has been shut down. Rejecting post to DirectoryIterator_prototype_close
JavaScript error: resource://gre/modules/ProfileAge.jsm, line 174: Error: Unable to fetch oldest profile entry: Error: OS.File has been shut down. Rejecting post to DirectoryIterator_prototype_next
1532600060870	geckodriver	INFO	geckodriver 0.21.0
1532600060876	geckodriver	INFO	Listening on 127.0.0.1:51729
1532600061880	mozrunner::runner	INFO	Running command: "/Applications/Firefox.app/Contents/MacOS/firefox-bin" "-marionette" "-foreground" "-no-remote" "-profile" "/var/folders/8h/07lsbt1s45s046qgm82pksyr0000gn/T/rust_mozprofile.XD0dRyDj41C5"
2018-07-26 10:14:22.920 plugin-container[4736:264128] *** CFMessagePort: bootstrap_register(): failed 1100 (0x44c) 'Permission denied', port = 0x893f, name = 'com.apple.tsm.portname'
See /usr/include/servers/bootstrap_defs.h for the error codes.
2018-07-26 10:14:23.073 plugin-container[4737:264153] *** CFMessagePort: bootstrap_register(): failed 1100 (0x44c) 'Permission denied', port = 0x6f3f, name = 'com.apple.tsm.portname'
See /usr/include/servers/bootstrap_defs.h for the error codes.
1532600063269	Marionette	INFO	Listening on port 51736
1532600063326	Marionette	WARN	TLS certificate errors will be ignored for this session
2018-07-26 10:14:23.851 plugin-container[4738:264280] *** CFMessagePort: bootstrap_register(): failed 1100 (0x44c) 'Permission denied', port = 0x8b43, name = 'com.apple.tsm.portname'
See /usr/include/servers/bootstrap_defs.h for the error codes.
*** UTM:SVC TimerManager:registerTimer called after profile-before-change notification. Ignoring timer registration for id: telemetry_modules_ping
1532600246378	geckodriver	INFO	geckodriver 0.21.0
1532600246382	geckodriver	INFO	Listening on 127.0.0.1:51826
1532600247389	mozrunner::runner	INFO	Running command: "/Applications/Firefox.app/Contents/MacOS/firefox-bin" "-marionette" "-foreground" "-no-remote" "-profile" "/var/folders/8h/07lsbt1s45s046qgm82pksyr0000gn/T/rust_mozprofile.I8uLE00QeSVU"
2018-07-26 10:17:28.443 plugin-container[4861:269551] *** CFMessagePort: bootstrap_register(): failed 1100 (0x44c) 'Permission denied', port = 0x7a3f, name = 'com.apple.tsm.portname'
See /usr/include/servers/bootstrap_defs.h for the error codes.
2018-07-26 10:17:28.596 plugin-container[4862:269573] *** CFMessagePort: bootstrap_register(): failed 1100 (0x44c) 'Permission denied', port = 0x763f, name = 'com.apple.tsm.portname'
See /usr/include/servers/bootstrap_defs.h for the error codes.
1532600248777	Marionette	INFO	Listening on port 51833
1532600248823	Marionette	WARN	TLS certificate errors will be ignored for this session
2018-07-26 10:17:29.373 plugin-container[4863:269704] *** CFMessagePort: bootstrap_register(): failed 1100 (0x44c) 'Permission denied', port = 0x7507, name = 'com.apple.tsm.portname'
See /usr/include/servers/bootstrap_defs.h for the error codes.
*** UTM:SVC TimerManager:registerTimer called after profile-before-change notification. Ignoring timer registration for id: telemetry_modules_ping
1532600447483	geckodriver	INFO	geckodriver 0.21.0
1532600447504	geckodriver	INFO	Listening on 127.0.0.1:51911
1532600448501	mozrunner::runner	INFO	Running command: "/Applications/Firefox.app/Contents/MacOS/firefox-bin" "-marionette" "-foreground" "-no-remote" "-profile" "/var/folders/8h/07lsbt1s45s046qgm82pksyr0000gn/T/rust_mozprofile.GU9otlfNICG7"
2018-07-26 10:20:49.788 plugin-container[5001:274374] *** CFMessagePort: bootstrap_register(): failed 1100 (0x44c) 'Permission denied', port = 0x753b, name = 'com.apple.tsm.portname'
See /usr/include/servers/bootstrap_defs.h for the error codes.
2018-07-26 10:20:49.911 plugin-container[5002:274395] *** CFMessagePort: bootstrap_register(): failed 1100 (0x44c) 'Permission denied', port = 0x8a07, name = 'com.apple.tsm.portname'
See /usr/include/servers/bootstrap_defs.h for the error codes.
1532600450112	Marionette	INFO	Listening on port 51918
1532600450146	Marionette	WARN	TLS certificate errors will be ignored for this session
2018-07-26 10:20:50.707 plugin-container[5003:274520] *** CFMessagePort: bootstrap_register(): failed 1100 (0x44c) 'Permission denied', port = 0x763f, name = 'com.apple.tsm.portname'
See /usr/include/servers/bootstrap_defs.h for the error codes.
*** UTM:SVC TimerManager:registerTimer called after profile-before-change notification. Ignoring timer registration for id: telemetry_modules_ping
1532600494182	geckodriver	INFO	geckodriver 0.21.0
1532600494203	geckodriver	INFO	Listening on 127.0.0.1:51975
1532600495201	mozrunner::runner	INFO	Running command: "/Applications/Firefox.app/Contents/MacOS/firefox-bin" "-marionette" "-foreground" "-no-remote" "-profile" "/var/folders/8h/07lsbt1s45s046qgm82pksyr0000gn/T/rust_mozprofile.z1aeDZYWsR5n"
2018-07-26 10:21:36.302 plugin-container[5031:276034] *** CFMessagePort: bootstrap_register(): failed 1100 (0x44c) 'Permission denied', port = 0x813f, name = 'com.apple.tsm.portname'
See /usr/include/servers/bootstrap_defs.h for the error codes.
2018-07-26 10:21:36.460 plugin-container[5032:276057] *** CFMessagePort: bootstrap_register(): failed 1100 (0x44c) 'Permission denied', port = 0x753f, name = 'com.apple.tsm.portname'
See /usr/include/servers/bootstrap_defs.h for the error codes.
1532600496726	Marionette	INFO	Listening on port 51982
1532600496758	Marionette	WARN	TLS certificate errors will be ignored for this session
2018-07-26 10:21:37.220 plugin-container[5033:276184] *** CFMessagePort: bootstrap_register(): failed 1100 (0x44c) 'Permission denied', port = 0x7a3f, name = 'com.apple.tsm.portname'
See /usr/include/servers/bootstrap_defs.h for the error codes.
*** UTM:SVC TimerManager:registerTimer called after profile-before-change notification. Ignoring timer registration for id: telemetry_modules_ping
1532600773203	geckodriver	INFO	geckodriver 0.21.0
1532600773225	geckodriver	INFO	Listening on 127.0.0.1:52058
1532600774216	mozrunner::runner	INFO	Running command: "/Applications/Firefox.app/Contents/MacOS/firefox-bin" "-marionette" "-foreground" "-no-remote" "-profile" "/var/folders/8h/07lsbt1s45s046qgm82pksyr0000gn/T/rust_mozprofile.HoGe1LdVAq3E"
2018-07-26 10:26:15.321 plugin-container[5105:285811] *** CFMessagePort: bootstrap_register(): failed 1100 (0x44c) 'Permission denied', port = 0x8203, name = 'com.apple.tsm.portname'
See /usr/include/servers/bootstrap_defs.h for the error codes.
2018-07-26 10:26:15.466 plugin-container[5106:285833] *** CFMessagePort: bootstrap_register(): failed 1100 (0x44c) 'Permission denied', port = 0x843f, name = 'com.apple.tsm.portname'
See /usr/include/servers/bootstrap_defs.h for the error codes.
1532600775681	Marionette	INFO	Listening on port 52065
1532600775758	Marionette	WARN	TLS certificate errors will be ignored for this session
2018-07-26 10:26:16.242 plugin-container[5107:285965] *** CFMessagePort: bootstrap_register(): failed 1100 (0x44c) 'Permission denied', port = 0x6f3f, name = 'com.apple.tsm.portname'
See /usr/include/servers/bootstrap_defs.h for the error codes.
*** UTM:SVC TimerManager:registerTimer called after profile-before-change notification. Ignoring timer registration for id: telemetry_modules_ping
1532600810290	geckodriver	INFO	geckodriver 0.21.0
1532600810295	geckodriver	INFO	Listening on 127.0.0.1:52116
1532600811303	mozrunner::runner	INFO	Running command: "/Applications/Firefox.app/Contents/MacOS/firefox-bin" "-marionette" "-foreground" "-no-remote" "-profile" "/var/folders/8h/07lsbt1s45s046qgm82pksyr0000gn/T/rust_mozprofile.MOP045pN6C6D"
2018-07-26 10:26:52.344 plugin-container[5128:287189] *** CFMessagePort: bootstrap_register(): failed 1100 (0x44c) 'Permission denied', port = 0x793f, name = 'com.apple.tsm.portname'
See /usr/include/servers/bootstrap_defs.h for the error codes.
2018-07-26 10:26:52.499 plugin-container[5129:287214] *** CFMessagePort: bootstrap_register(): failed 1100 (0x44c) 'Permission denied', port = 0x883f, name = 'com.apple.tsm.portname'
See /usr/include/servers/bootstrap_defs.h for the error codes.
1532600812682	Marionette	INFO	Listening on port 52123
1532600812747	Marionette	WARN	TLS certificate errors will be ignored for this session
2018-07-26 10:26:53.270 plugin-container[5130:287342] *** CFMessagePort: bootstrap_register(): failed 1100 (0x44c) 'Permission denied', port = 0x8743, name = 'com.apple.tsm.portname'
See /usr/include/servers/bootstrap_defs.h for the error codes.
*** UTM:SVC TimerManager:registerTimer called after profile-before-change notification. Ignoring timer registration for id: telemetry_modules_ping
1532600846785	geckodriver	INFO	geckodriver 0.21.0
1532600846790	geckodriver	INFO	Listening on 127.0.0.1:52176
1532600847799	mozrunner::runner	INFO	Running command: "/Applications/Firefox.app/Contents/MacOS/firefox-bin" "-marionette" "-foreground" "-no-remote" "-profile" "/var/folders/8h/07lsbt1s45s046qgm82pksyr0000gn/T/rust_mozprofile.N8daYhUslKgG"
2018-07-26 10:27:28.843 plugin-container[5172:288762] *** CFMessagePort: bootstrap_register(): failed 1100 (0x44c) 'Permission denied', port = 0x8803, name = 'com.apple.tsm.portname'
See /usr/include/servers/bootstrap_defs.h for the error codes.
2018-07-26 10:27:28.996 plugin-container[5173:288787] *** CFMessagePort: bootstrap_register(): failed 1100 (0x44c) 'Permission denied', port = 0x8d03, name = 'com.apple.tsm.portname'
See /usr/include/servers/bootstrap_defs.h for the error codes.
1532600849165	Marionette	INFO	Listening on port 52183
1532600849253	Marionette	WARN	TLS certificate errors will be ignored for this session
2018-07-26 10:27:29.764 plugin-container[5174:288923] *** CFMessagePort: bootstrap_register(): failed 1100 (0x44c) 'Permission denied', port = 0x773f, name = 'com.apple.tsm.portname'
See /usr/include/servers/bootstrap_defs.h for the error codes.
JavaScript error: resource:///modules/ContentMetaHandler.jsm, line 155: NS_ERROR_ILLEGAL_VALUE: 
*** UTM:SVC TimerManager:registerTimer called after profile-before-change notification. Ignoring timer registration for id: telemetry_modules_ping
1532600858832	geckodriver	INFO	geckodriver 0.21.0
1532600858837	geckodriver	INFO	Listening on 127.0.0.1:52234
1532600859840	mozrunner::runner	INFO	Running command: "/Applications/Firefox.app/Contents/MacOS/firefox-bin" "-marionette" "-foreground" "-no-remote" "-profile" "/var/folders/8h/07lsbt1s45s046qgm82pksyr0000gn/T/rust_mozprofile.mxgQEH0bETqp"
2018-07-26 10:27:40.912 plugin-container[5185:289182] *** CFMessagePort: bootstrap_register(): failed 1100 (0x44c) 'Permission denied', port = 0x733f, name = 'com.apple.tsm.portname'
See /usr/include/servers/bootstrap_defs.h for the error codes.
2018-07-26 10:27:41.065 plugin-container[5186:289206] *** CFMessagePort: bootstrap_register(): failed 1100 (0x44c) 'Permission denied', port = 0x7303, name = 'com.apple.tsm.portname'
See /usr/include/servers/bootstrap_defs.h for the error codes.
1532600861315	Marionette	INFO	Listening on port 52241
1532600861388	Marionette	WARN	TLS certificate errors will be ignored for this session
2018-07-26 10:27:41.823 plugin-container[5187:289339] *** CFMessagePort: bootstrap_register(): failed 1100 (0x44c) 'Permission denied', port = 0x6b43, name = 'com.apple.tsm.portname'
See /usr/include/servers/bootstrap_defs.h for the error codes.
*** UTM:SVC TimerManager:registerTimer called after profile-before-change notification. Ignoring timer registration for id: telemetry_modules_ping
1532600896405	geckodriver	INFO	geckodriver 0.21.0
1532600896410	geckodriver	INFO	Listening on 127.0.0.1:52299
1532600897419	mozrunner::runner	INFO	Running command: "/Applications/Firefox.app/Contents/MacOS/firefox-bin" "-marionette" "-foreground" "-no-remote" "-profile" "/var/folders/8h/07lsbt1s45s046qgm82pksyr0000gn/T/rust_mozprofile.7T3yowa0DasN"
2018-07-26 10:28:18.459 plugin-container[5231:290691] *** CFMessagePort: bootstrap_register(): failed 1100 (0x44c) 'Permission denied', port = 0x7c3f, name = 'com.apple.tsm.portname'
See /usr/include/servers/bootstrap_defs.h for the error codes.
2018-07-26 10:28:18.618 plugin-container[5232:290719] *** CFMessagePort: bootstrap_register(): failed 1100 (0x44c) 'Permission denied', port = 0x8a3f, name = 'com.apple.tsm.portname'
See /usr/include/servers/bootstrap_defs.h for the error codes.
1532600898853	Marionette	INFO	Listening on port 52306
1532600898866	Marionette	WARN	TLS certificate errors will be ignored for this session
2018-07-26 10:28:19.384 plugin-container[5233:290844] *** CFMessagePort: bootstrap_register(): failed 1100 (0x44c) 'Permission denied', port = 0x8537, name = 'com.apple.tsm.portname'
See /usr/include/servers/bootstrap_defs.h for the error codes.
*** UTM:SVC TimerManager:registerTimer called after profile-before-change notification. Ignoring timer registration for id: telemetry_modules_ping
1532600972541	geckodriver	INFO	geckodriver 0.21.0
1532600972555	geckodriver	INFO	Listening on 127.0.0.1:52366
1532600973548	mozrunner::runner	INFO	Running command: "/Applications/Firefox.app/Contents/MacOS/firefox-bin" "-marionette" "-foreground" "-no-remote" "-profile" "/var/folders/8h/07lsbt1s45s046qgm82pksyr0000gn/T/rust_mozprofile.WuSubTkRC8MD"
2018-07-26 10:29:34.650 plugin-container[5300:293600] *** CFMessagePort: bootstrap_register(): failed 1100 (0x44c) 'Permission denied', port = 0x7b3f, name = 'com.apple.tsm.portname'
See /usr/include/servers/bootstrap_defs.h for the error codes.
2018-07-26 10:29:34.800 plugin-container[5301:293626] *** CFMessagePort: bootstrap_register(): failed 1100 (0x44c) 'Permission denied', port = 0x773f, name = 'com.apple.tsm.portname'
See /usr/include/servers/bootstrap_defs.h for the error codes.
1532600974981	Marionette	INFO	Listening on port 52373
1532600975001	Marionette	WARN	TLS certificate errors will be ignored for this session
2018-07-26 10:29:35.554 plugin-container[5302:293747] *** CFMessagePort: bootstrap_register(): failed 1100 (0x44c) 'Permission denied', port = 0x783f, name = 'com.apple.tsm.portname'
See /usr/include/servers/bootstrap_defs.h for the error codes.
*** UTM:SVC TimerManager:registerTimer called after profile-before-change notification. Ignoring timer registration for id: telemetry_modules_ping
1532622106335	geckodriver	INFO	geckodriver 0.21.0
1532622106367	geckodriver	INFO	Listening on 127.0.0.1:55258
1532622107343	mozrunner::runner	INFO	Running command: "/Applications/Firefox.app/Contents/MacOS/firefox-bin" "-marionette" "-foreground" "-no-remote" "-profile" "/var/folders/8h/07lsbt1s45s046qgm82pksyr0000gn/T/rust_mozprofile.DT5xU5Xf4ko6"
2018-07-26 16:21:49.069 plugin-container[7087:827157] *** CFMessagePort: bootstrap_register(): failed 1100 (0x44c) 'Permission denied', port = 0x8603, name = 'com.apple.tsm.portname'
See /usr/include/servers/bootstrap_defs.h for the error codes.
2018-07-26 16:21:49.154 plugin-container[7088:827177] *** CFMessagePort: bootstrap_register(): failed 1100 (0x44c) 'Permission denied', port = 0x8703, name = 'com.apple.tsm.portname'
See /usr/include/servers/bootstrap_defs.h for the error codes.
1532622109306	Marionette	INFO	Listening on port 55265
1532622109412	Marionette	WARN	TLS certificate errors will be ignored for this session
2018-07-26 16:21:49.919 plugin-container[7089:827314] *** CFMessagePort: bootstrap_register(): failed 1100 (0x44c) 'Permission denied', port = 0x8c43, name = 'com.apple.tsm.portname'
See /usr/include/servers/bootstrap_defs.h for the error codes.
*** UTM:SVC TimerManager:registerTimer called after profile-before-change notification. Ignoring timer registration for id: telemetry_modules_ping
1532622140715	geckodriver	INFO	geckodriver 0.21.0
1532622140721	geckodriver	INFO	Listening on 127.0.0.1:55324
1532622141728	mozrunner::runner	INFO	Running command: "/Applications/Firefox.app/Contents/MacOS/firefox-bin" "-marionette" "-foreground" "-no-remote" "-profile" "/var/folders/8h/07lsbt1s45s046qgm82pksyr0000gn/T/rust_mozprofile.7We3L3KWLnoB"
2018-07-26 16:22:23.203 plugin-container[7101:828304] *** CFMessagePort: bootstrap_register(): failed 1100 (0x44c) 'Permission denied', port = 0x833f, name = 'com.apple.tsm.portname'
See /usr/include/servers/bootstrap_defs.h for the error codes.
2018-07-26 16:22:23.229 plugin-container[7102:828333] *** CFMessagePort: bootstrap_register(): failed 1100 (0x44c) 'Permission denied', port = 0x7e3f, name = 'com.apple.tsm.portname'
See /usr/include/servers/bootstrap_defs.h for the error codes.
1532622143507	Marionette	INFO	Listening on port 55332
1532622143577	Marionette	WARN	TLS certificate errors will be ignored for this session
2018-07-26 16:22:24.009 plugin-container[7103:828510] *** CFMessagePort: bootstrap_register(): failed 1100 (0x44c) 'Permission denied', port = 0x833f, name = 'com.apple.tsm.portname'
See /usr/include/servers/bootstrap_defs.h for the error codes.
*** UTM:SVC TimerManager:registerTimer called after profile-before-change notification. Ignoring timer registration for id: telemetry_modules_ping
1532622389778	geckodriver	INFO	geckodriver 0.21.0
1532622389807	geckodriver	INFO	Listening on 127.0.0.1:55429
1532622390785	mozrunner::runner	INFO	Running command: "/Applications/Firefox.app/Contents/MacOS/firefox-bin" "-marionette" "-foreground" "-no-remote" "-profile" "/var/folders/8h/07lsbt1s45s046qgm82pksyr0000gn/T/rust_mozprofile.diVoPwuQ1RfV"
2018-07-26 16:26:32.165 plugin-container[7165:839139] *** CFMessagePort: bootstrap_register(): failed 1100 (0x44c) 'Permission denied', port = 0x7d03, name = 'com.apple.tsm.portname'
See /usr/include/servers/bootstrap_defs.h for the error codes.
2018-07-26 16:26:32.473 plugin-container[7166:839171] *** CFMessagePort: bootstrap_register(): failed 1100 (0x44c) 'Permission denied', port = 0x753b, name = 'com.apple.tsm.portname'
See /usr/include/servers/bootstrap_defs.h for the error codes.
1532622392650	Marionette	INFO	Listening on port 55436
1532622392764	Marionette	WARN	TLS certificate errors will be ignored for this session
2018-07-26 16:26:33.181 plugin-container[7167:839303] *** CFMessagePort: bootstrap_register(): failed 1100 (0x44c) 'Permission denied', port = 0x773f, name = 'com.apple.tsm.portname'
See /usr/include/servers/bootstrap_defs.h for the error codes.
*** UTM:SVC TimerManager:registerTimer called after profile-before-change notification. Ignoring timer registration for id: telemetry_modules_ping
1532622428276	geckodriver	INFO	geckodriver 0.21.0
1532622428284	geckodriver	INFO	Listening on 127.0.0.1:55498
1532622429287	mozrunner::runner	INFO	Running command: "/Applications/Firefox.app/Contents/MacOS/firefox-bin" "-marionette" "-foreground" "-no-remote" "-profile" "/var/folders/8h/07lsbt1s45s046qgm82pksyr0000gn/T/rust_mozprofile.14vALIB8X9sy"
2018-07-26 16:27:10.458 plugin-container[7210:840579] *** CFMessagePort: bootstrap_register(): failed 1100 (0x44c) 'Permission denied', port = 0x8237, name = 'com.apple.tsm.portname'
See /usr/include/servers/bootstrap_defs.h for the error codes.
2018-07-26 16:27:10.749 plugin-container[7211:840611] *** CFMessagePort: bootstrap_register(): failed 1100 (0x44c) 'Permission denied', port = 0x713f, name = 'com.apple.tsm.portname'
See /usr/include/servers/bootstrap_defs.h for the error codes.
1532622430981	Marionette	INFO	Listening on port 55505
1532622431050	Marionette	WARN	TLS certificate errors will be ignored for this session
2018-07-26 16:27:11.455 plugin-container[7212:840769] *** CFMessagePort: bootstrap_register(): failed 1100 (0x44c) 'Permission denied', port = 0x833f, name = 'com.apple.tsm.portname'
See /usr/include/servers/bootstrap_defs.h for the error codes.
*** UTM:SVC TimerManager:registerTimer called after profile-before-change notification. Ignoring timer registration for id: telemetry_modules_ping
1532622513592	geckodriver	INFO	geckodriver 0.21.0
1532622513598	geckodriver	INFO	Listening on 127.0.0.1:55567
1532622514602	mozrunner::runner	INFO	Running command: "/Applications/Firefox.app/Contents/MacOS/firefox-bin" "-marionette" "-foreground" "-no-remote" "-profile" "/var/folders/8h/07lsbt1s45s046qgm82pksyr0000gn/T/rust_mozprofile.9yNKzfqV08ZS"
2018-07-26 16:28:35.907 plugin-container[7254:842711] *** CFMessagePort: bootstrap_register(): failed 1100 (0x44c) 'Permission denied', port = 0x8343, name = 'com.apple.tsm.portname'
See /usr/include/servers/bootstrap_defs.h for the error codes.
2018-07-26 16:28:36.229 plugin-container[7255:842762] *** CFMessagePort: bootstrap_register(): failed 1100 (0x44c) 'Permission denied', port = 0x753f, name = 'com.apple.tsm.portname'
See /usr/include/servers/bootstrap_defs.h for the error codes.
1532622516445	Marionette	INFO	Listening on port 55574
1532622516484	Marionette	WARN	TLS certificate errors will be ignored for this session
2018-07-26 16:28:36.951 plugin-container[7256:842959] *** CFMessagePort: bootstrap_register(): failed 1100 (0x44c) 'Permission denied', port = 0x8a3f, name = 'com.apple.tsm.portname'
See /usr/include/servers/bootstrap_defs.h for the error codes.
*** UTM:SVC TimerManager:registerTimer called after profile-before-change notification. Ignoring timer registration for id: telemetry_modules_ping
1532622620777	geckodriver	INFO	geckodriver 0.21.0
1532622620783	geckodriver	INFO	Listening on 127.0.0.1:55654
1532622621791	mozrunner::runner	INFO	Running command: "/Applications/Firefox.app/Contents/MacOS/firefox-bin" "-marionette" "-foreground" "-no-remote" "-profile" "/var/folders/8h/07lsbt1s45s046qgm82pksyr0000gn/T/rust_mozprofile.avct8vUwXJr8"
2018-07-26 16:30:23.304 plugin-container[7325:847771] *** CFMessagePort: bootstrap_register(): failed 1100 (0x44c) 'Permission denied', port = 0x863f, name = 'com.apple.tsm.portname'
See /usr/include/servers/bootstrap_defs.h for the error codes.
2018-07-26 16:30:23.365 plugin-container[7326:847802] *** CFMessagePort: bootstrap_register(): failed 1100 (0x44c) 'Permission denied', port = 0x803b, name = 'com.apple.tsm.portname'
See /usr/include/servers/bootstrap_defs.h for the error codes.
1532622623620	Marionette	INFO	Listening on port 55661
1532622623668	Marionette	WARN	TLS certificate errors will be ignored for this session
2018-07-26 16:30:24.212 plugin-container[7327:847935] *** CFMessagePort: bootstrap_register(): failed 1100 (0x44c) 'Permission denied', port = 0x7733, name = 'com.apple.tsm.portname'
See /usr/include/servers/bootstrap_defs.h for the error codes.
*** UTM:SVC TimerManager:registerTimer called after profile-before-change notification. Ignoring timer registration for id: telemetry_modules_ping
1532622747154	geckodriver	INFO	geckodriver 0.21.0
1532622747159	geckodriver	INFO	Listening on 127.0.0.1:55728
1532622748166	mozrunner::runner	INFO	Running command: "/Applications/Firefox.app/Contents/MacOS/firefox-bin" "-marionette" "-foreground" "-no-remote" "-profile" "/var/folders/8h/07lsbt1s45s046qgm82pksyr0000gn/T/rust_mozprofile.vqUPurEYMSub"
2018-07-26 16:32:29.621 plugin-container[7376:852529] *** CFMessagePort: bootstrap_register(): failed 1100 (0x44c) 'Permission denied', port = 0x8a0b, name = 'com.apple.tsm.portname'
See /usr/include/servers/bootstrap_defs.h for the error codes.
2018-07-26 16:32:29.711 plugin-container[7377:852554] *** CFMessagePort: bootstrap_register(): failed 1100 (0x44c) 'Permission denied', port = 0x773f, name = 'com.apple.tsm.portname'
See /usr/include/servers/bootstrap_defs.h for the error codes.
1532622750010	Marionette	INFO	Listening on port 55735
1532622750019	Marionette	WARN	TLS certificate errors will be ignored for this session
2018-07-26 16:32:30.580 plugin-container[7378:852683] *** CFMessagePort: bootstrap_register(): failed 1100 (0x44c) 'Permission denied', port = 0x8a3f, name = 'com.apple.tsm.portname'
See /usr/include/servers/bootstrap_defs.h for the error codes.
*** UTM:SVC TimerManager:registerTimer called after profile-before-change notification. Ignoring timer registration for id: telemetry_modules_ping
1532622791570	geckodriver	INFO	geckodriver 0.21.0
1532622791576	geckodriver	INFO	Listening on 127.0.0.1:55798
1532622792583	mozrunner::runner	INFO	Running command: "/Applications/Firefox.app/Contents/MacOS/firefox-bin" "-marionette" "-foreground" "-no-remote" "-profile" "/var/folders/8h/07lsbt1s45s046qgm82pksyr0000gn/T/rust_mozprofile.hilh8dWJrHgZ"
2018-07-26 16:33:14.048 plugin-container[7417:854987] *** CFMessagePort: bootstrap_register(): failed 1100 (0x44c) 'Permission denied', port = 0x753f, name = 'com.apple.tsm.portname'
See /usr/include/servers/bootstrap_defs.h for the error codes.
2018-07-26 16:33:14.089 plugin-container[7418:855010] *** CFMessagePort: bootstrap_register(): failed 1100 (0x44c) 'Permission denied', port = 0x7843, name = 'com.apple.tsm.portname'
See /usr/include/servers/bootstrap_defs.h for the error codes.
1532622794409	Marionette	INFO	Listening on port 55805
1532622794446	Marionette	WARN	TLS certificate errors will be ignored for this session
2018-07-26 16:33:14.863 plugin-container[7419:855231] *** CFMessagePort: bootstrap_register(): failed 1100 (0x44c) 'Permission denied', port = 0x953f, name = 'com.apple.tsm.portname'
See /usr/include/servers/bootstrap_defs.h for the error codes.
*** UTM:SVC TimerManager:registerTimer called after profile-before-change notification. Ignoring timer registration for id: telemetry_modules_ping
1532623138053	geckodriver	INFO	geckodriver 0.21.0
1532623138160	geckodriver	INFO	Listening on 127.0.0.1:55955
1532623139058	mozrunner::runner	INFO	Running command: "/Applications/Firefox.app/Contents/MacOS/firefox-bin" "-marionette" "-foreground" "-no-remote" "-profile" "/var/folders/8h/07lsbt1s45s046qgm82pksyr0000gn/T/rust_mozprofile.bH5ST2VpPp23"
2018-07-26 16:39:00.522 plugin-container[7515:870718] *** CFMessagePort: bootstrap_register(): failed 1100 (0x44c) 'Permission denied', port = 0x7703, name = 'com.apple.tsm.portname'
See /usr/include/servers/bootstrap_defs.h for the error codes.
2018-07-26 16:39:00.797 plugin-container[7517:870752] *** CFMessagePort: bootstrap_register(): failed 1100 (0x44c) 'Permission denied', port = 0x6e3f, name = 'com.apple.tsm.portname'
See /usr/include/servers/bootstrap_defs.h for the error codes.
1532623141029	Marionette	INFO	Listening on port 55962
1532623141135	Marionette	WARN	TLS certificate errors will be ignored for this session
2018-07-26 16:39:01.546 plugin-container[7518:870860] *** CFMessagePort: bootstrap_register(): failed 1100 (0x44c) 'Permission denied', port = 0x780b, name = 'com.apple.tsm.portname'
See /usr/include/servers/bootstrap_defs.h for the error codes.
*** UTM:SVC TimerManager:registerTimer called after profile-before-change notification. Ignoring timer registration for id: telemetry_modules_ping
1532694270868	geckodriver	INFO	geckodriver 0.21.0
1532694270987	geckodriver	INFO	Listening on 127.0.0.1:49579
1532694271745	mozrunner::runner	INFO	Running command: "/Applications/Firefox.app/Contents/MacOS/firefox-bin" "-marionette" "-foreground" "-no-remote" "-profile" "/var/folders/8h/07lsbt1s45s046qgm82pksyr0000gn/T/rust_mozprofile.PUDnWaDqc9OV"
2018-07-27 12:24:33.137 plugin-container[964:20129] *** CFMessagePort: bootstrap_register(): failed 1100 (0x44c) 'Permission denied', port = 0x8a3f, name = 'com.apple.tsm.portname'
See /usr/include/servers/bootstrap_defs.h for the error codes.
2018-07-27 12:24:33.393 plugin-container[965:20178] *** CFMessagePort: bootstrap_register(): failed 1100 (0x44c) 'Permission denied', port = 0x8703, name = 'com.apple.tsm.portname'
See /usr/include/servers/bootstrap_defs.h for the error codes.
1532694273652	Marionette	INFO	Listening on port 49590
1532694273703	Marionette	WARN	TLS certificate errors will be ignored for this session
2018-07-27 12:24:34.125 plugin-container[967:20334] *** CFMessagePort: bootstrap_register(): failed 1100 (0x44c) 'Permission denied', port = 0x753f, name = 'com.apple.tsm.portname'
See /usr/include/servers/bootstrap_defs.h for the error codes.
[GFX1-]: Receive IPC close with reason=AbnormalShutdown
1532694517749	geckodriver	INFO	geckodriver 0.21.0
1532694517754	geckodriver	INFO	Listening on 127.0.0.1:49681
1532694518761	mozrunner::runner	INFO	Running command: "/Applications/Firefox.app/Contents/MacOS/firefox-bin" "-marionette" "-foreground" "-no-remote" "-profile" "/var/folders/8h/07lsbt1s45s046qgm82pksyr0000gn/T/rust_mozprofile.iKKu00gUWFNt"
2018-07-27 12:28:39.910 plugin-container[1035:29862] *** CFMessagePort: bootstrap_register(): failed 1100 (0x44c) 'Permission denied', port = 0x773f, name = 'com.apple.tsm.portname'
See /usr/include/servers/bootstrap_defs.h for the error codes.
2018-07-27 12:28:39.992 plugin-container[1036:29886] *** CFMessagePort: bootstrap_register(): failed 1100 (0x44c) 'Permission denied', port = 0x8903, name = 'com.apple.tsm.portname'
See /usr/include/servers/bootstrap_defs.h for the error codes.
1532694520181	Marionette	INFO	Listening on port 49692
1532694520194	Marionette	WARN	TLS certificate errors will be ignored for this session
2018-07-27 12:28:40.813 plugin-container[1037:30021] *** CFMessagePort: bootstrap_register(): failed 1100 (0x44c) 'Permission denied', port = 0x693f, name = 'com.apple.tsm.portname'
See /usr/include/servers/bootstrap_defs.h for the error codes.
[GFX1-]: Receive IPC close with reason=AbnormalShutdown
1532694859866	geckodriver	INFO	geckodriver 0.21.0
1532694859871	geckodriver	INFO	Listening on 127.0.0.1:49785
1532694860881	mozrunner::runner	INFO	Running command: "/Applications/Firefox.app/Contents/MacOS/firefox-bin" "-marionette" "-foreground" "-no-remote" "-profile" "/var/folders/8h/07lsbt1s45s046qgm82pksyr0000gn/T/rust_mozprofile.MUhhhVAIJYD4"
2018-07-27 12:34:21.882 plugin-container[1097:41718] *** CFMessagePort: bootstrap_register(): failed 1100 (0x44c) 'Permission denied', port = 0x913f, name = 'com.apple.tsm.portname'
See /usr/include/servers/bootstrap_defs.h for the error codes.
2018-07-27 12:34:22.094 plugin-container[1098:41743] *** CFMessagePort: bootstrap_register(): failed 1100 (0x44c) 'Permission denied', port = 0x763f, name = 'com.apple.tsm.portname'
See /usr/include/servers/bootstrap_defs.h for the error codes.
1532694862271	Marionette	INFO	Listening on port 49796
1532694862328	Marionette	WARN	TLS certificate errors will be ignored for this session
2018-07-27 12:34:22.849 plugin-container[1099:41917] *** CFMessagePort: bootstrap_register(): failed 1100 (0x44c) 'Permission denied', port = 0x7043, name = 'com.apple.tsm.portname'
See /usr/include/servers/bootstrap_defs.h for the error codes.
*** UTM:SVC TimerManager:registerTimer called after profile-before-change notification. Ignoring timer registration for id: telemetry_modules_ping
1532694931415	geckodriver	INFO	geckodriver 0.21.0
1532694931420	geckodriver	INFO	Listening on 127.0.0.1:49854
1532694932422	mozrunner::runner	INFO	Running command: "/Applications/Firefox.app/Contents/MacOS/firefox-bin" "-marionette" "-foreground" "-no-remote" "-profile" "/var/folders/8h/07lsbt1s45s046qgm82pksyr0000gn/T/rust_mozprofile.Y0bto1dauFqi"
2018-07-27 12:35:33.427 plugin-container[1153:44548] *** CFMessagePort: bootstrap_register(): failed 1100 (0x44c) 'Permission denied', port = 0x883f, name = 'com.apple.tsm.portname'
See /usr/include/servers/bootstrap_defs.h for the error codes.
2018-07-27 12:35:33.613 plugin-container[1154:44573] *** CFMessagePort: bootstrap_register(): failed 1100 (0x44c) 'Permission denied', port = 0x6d3f, name = 'com.apple.tsm.portname'
See /usr/include/servers/bootstrap_defs.h for the error codes.
1532694933793	Marionette	INFO	Listening on port 49861
1532694933853	Marionette	WARN	TLS certificate errors will be ignored for this session
2018-07-27 12:35:34.393 plugin-container[1155:44696] *** CFMessagePort: bootstrap_register(): failed 1100 (0x44c) 'Permission denied', port = 0x7443, name = 'com.apple.tsm.portname'
See /usr/include/servers/bootstrap_defs.h for the error codes.
*** UTM:SVC TimerManager:registerTimer called after profile-before-change notification. Ignoring timer registration for id: telemetry_modules_ping
1532694963225	geckodriver	INFO	geckodriver 0.21.0
1532694963230	geckodriver	INFO	Listening on 127.0.0.1:49914
1532694964236	mozrunner::runner	INFO	Running command: "/Applications/Firefox.app/Contents/MacOS/firefox-bin" "-marionette" "-foreground" "-no-remote" "-profile" "/var/folders/8h/07lsbt1s45s046qgm82pksyr0000gn/T/rust_mozprofile.w6oEAgYcswh2"
2018-07-27 12:36:05.270 plugin-container[1185:45493] *** CFMessagePort: bootstrap_register(): failed 1100 (0x44c) 'Permission denied', port = 0x7503, name = 'com.apple.tsm.portname'
See /usr/include/servers/bootstrap_defs.h for the error codes.
2018-07-27 12:36:05.420 plugin-container[1186:45518] *** CFMessagePort: bootstrap_register(): failed 1100 (0x44c) 'Permission denied', port = 0x8303, name = 'com.apple.tsm.portname'
See /usr/include/servers/bootstrap_defs.h for the error codes.
1532694965586	Marionette	INFO	Listening on port 49921
1532694965658	Marionette	WARN	TLS certificate errors will be ignored for this session
2018-07-27 12:36:06.189 plugin-container[1187:45658] *** CFMessagePort: bootstrap_register(): failed 1100 (0x44c) 'Permission denied', port = 0x8603, name = 'com.apple.tsm.portname'
See /usr/include/servers/bootstrap_defs.h for the error codes.
*** UTM:SVC TimerManager:registerTimer called after profile-before-change notification. Ignoring timer registration for id: telemetry_modules_ping
1532695033024	geckodriver	INFO	geckodriver 0.21.0
1532695033029	geckodriver	INFO	Listening on 127.0.0.1:49977
1532695034038	mozrunner::runner	INFO	Running command: "/Applications/Firefox.app/Contents/MacOS/firefox-bin" "-marionette" "-foreground" "-no-remote" "-profile" "/var/folders/8h/07lsbt1s45s046qgm82pksyr0000gn/T/rust_mozprofile.hsBi4NrHcUQX"
2018-07-27 12:37:15.067 plugin-container[1263:46837] *** CFMessagePort: bootstrap_register(): failed 1100 (0x44c) 'Permission denied', port = 0x863f, name = 'com.apple.tsm.portname'
See /usr/include/servers/bootstrap_defs.h for the error codes.
2018-07-27 12:37:15.223 plugin-container[1264:46864] *** CFMessagePort: bootstrap_register(): failed 1100 (0x44c) 'Permission denied', port = 0x7443, name = 'com.apple.tsm.portname'
See /usr/include/servers/bootstrap_defs.h for the error codes.
1532695035392	Marionette	INFO	Listening on port 49984
1532695035471	Marionette	WARN	TLS certificate errors will be ignored for this session
*** UTM:SVC TimerManager:registerTimer called after profile-before-change notification. Ignoring timer registration for id: telemetry_modules_ping
1532695074056	geckodriver	INFO	geckodriver 0.21.0
1532695074060	geckodriver	INFO	Listening on 127.0.0.1:50008
1532695075069	mozrunner::runner	INFO	Running command: "/Applications/Firefox.app/Contents/MacOS/firefox-bin" "-marionette" "-foreground" "-no-remote" "-profile" "/var/folders/8h/07lsbt1s45s046qgm82pksyr0000gn/T/rust_mozprofile.gsOzxjo4Kpfx"
2018-07-27 12:37:56.105 plugin-container[1306:47597] *** CFMessagePort: bootstrap_register(): failed 1100 (0x44c) 'Permission denied', port = 0x7c03, name = 'com.apple.tsm.portname'
See /usr/include/servers/bootstrap_defs.h for the error codes.
2018-07-27 12:37:56.260 plugin-container[1307:47620] *** CFMessagePort: bootstrap_register(): failed 1100 (0x44c) 'Permission denied', port = 0x8643, name = 'com.apple.tsm.portname'
See /usr/include/servers/bootstrap_defs.h for the error codes.
1532695076506	Marionette	INFO	Listening on port 50015
1532695076598	Marionette	WARN	TLS certificate errors will be ignored for this session
2018-07-27 12:37:57.023 plugin-container[1308:47744] *** CFMessagePort: bootstrap_register(): failed 1100 (0x44c) 'Permission denied', port = 0x8743, name = 'com.apple.tsm.portname'
See /usr/include/servers/bootstrap_defs.h for the error codes.
*** UTM:SVC TimerManager:registerTimer called after profile-before-change notification. Ignoring timer registration for id: telemetry_modules_ping
1532695183711	geckodriver	INFO	geckodriver 0.21.0
1532695183716	geckodriver	INFO	Listening on 127.0.0.1:50074
1532695184726	mozrunner::runner	INFO	Running command: "/Applications/Firefox.app/Contents/MacOS/firefox-bin" "-marionette" "-foreground" "-no-remote" "-profile" "/var/folders/8h/07lsbt1s45s046qgm82pksyr0000gn/T/rust_mozprofile.gEKZymWzDUNw"
2018-07-27 12:39:45.769 plugin-container[1393:52486] *** CFMessagePort: bootstrap_register(): failed 1100 (0x44c) 'Permission denied', port = 0x773f, name = 'com.apple.tsm.portname'
See /usr/include/servers/bootstrap_defs.h for the error codes.
2018-07-27 12:39:45.913 plugin-container[1394:52510] *** CFMessagePort: bootstrap_register(): failed 1100 (0x44c) 'Permission denied', port = 0x833f, name = 'com.apple.tsm.portname'
See /usr/include/servers/bootstrap_defs.h for the error codes.
1532695186102	Marionette	INFO	Listening on port 50081
1532695186172	Marionette	WARN	TLS certificate errors will be ignored for this session
2018-07-27 12:39:46.715 plugin-container[1396:52633] *** CFMessagePort: bootstrap_register(): failed 1100 (0x44c) 'Permission denied', port = 0x8d43, name = 'com.apple.tsm.portname'
See /usr/include/servers/bootstrap_defs.h for the error codes.
*** UTM:SVC TimerManager:registerTimer called after profile-before-change notification. Ignoring timer registration for id: telemetry_modules_ping
1532695222802	geckodriver	INFO	geckodriver 0.21.0
1532695222808	geckodriver	INFO	Listening on 127.0.0.1:50134
1532695223817	mozrunner::runner	INFO	Running command: "/Applications/Firefox.app/Contents/MacOS/firefox-bin" "-marionette" "-foreground" "-no-remote" "-profile" "/var/folders/8h/07lsbt1s45s046qgm82pksyr0000gn/T/rust_mozprofile.pFAKHFfnfMQC"
2018-07-27 12:40:24.848 plugin-container[1412:53728] *** CFMessagePort: bootstrap_register(): failed 1100 (0x44c) 'Permission denied', port = 0x763f, name = 'com.apple.tsm.portname'
See /usr/include/servers/bootstrap_defs.h for the error codes.
2018-07-27 12:40:25.011 plugin-container[1413:53753] *** CFMessagePort: bootstrap_register(): failed 1100 (0x44c) 'Permission denied', port = 0x6e43, name = 'com.apple.tsm.portname'
See /usr/include/servers/bootstrap_defs.h for the error codes.
1532695225178	Marionette	INFO	Listening on port 50141
1532695225253	Marionette	WARN	TLS certificate errors will be ignored for this session
2018-07-27 12:40:25.781 plugin-container[1414:53870] *** CFMessagePort: bootstrap_register(): failed 1100 (0x44c) 'Permission denied', port = 0x9043, name = 'com.apple.tsm.portname'
See /usr/include/servers/bootstrap_defs.h for the error codes.
*** UTM:SVC TimerManager:registerTimer called after profile-before-change notification. Ignoring timer registration for id: telemetry_modules_ping
1532695330915	geckodriver	INFO	geckodriver 0.21.0
1532695330920	geckodriver	INFO	Listening on 127.0.0.1:50197
1532695331929	mozrunner::runner	INFO	Running command: "/Applications/Firefox.app/Contents/MacOS/firefox-bin" "-marionette" "-foreground" "-no-remote" "-profile" "/var/folders/8h/07lsbt1s45s046qgm82pksyr0000gn/T/rust_mozprofile.jLBxjyTvbf9e"
2018-07-27 12:42:12.961 plugin-container[1476:55839] *** CFMessagePort: bootstrap_register(): failed 1100 (0x44c) 'Permission denied', port = 0x843f, name = 'com.apple.tsm.portname'
See /usr/include/servers/bootstrap_defs.h for the error codes.
2018-07-27 12:42:13.117 plugin-container[1477:55865] *** CFMessagePort: bootstrap_register(): failed 1100 (0x44c) 'Permission denied', port = 0x8303, name = 'com.apple.tsm.portname'
See /usr/include/servers/bootstrap_defs.h for the error codes.
1532695333301	Marionette	INFO	Listening on port 50204
1532695333351	Marionette	WARN	TLS certificate errors will be ignored for this session
2018-07-27 12:42:13.905 plugin-container[1478:55998] *** CFMessagePort: bootstrap_register(): failed 1100 (0x44c) 'Permission denied', port = 0x753f, name = 'com.apple.tsm.portname'
See /usr/include/servers/bootstrap_defs.h for the error codes.
[GFX1-]: Receive IPC close with reason=AbnormalShutdown
[GFX1-]: Receive IPC close with reason=AbnormalShutdown
1532695439547	geckodriver	INFO	geckodriver 0.21.0
1532695439552	geckodriver	INFO	Listening on 127.0.0.1:50270
1532695440544	mozrunner::runner	INFO	Running command: "/Applications/Firefox.app/Contents/MacOS/firefox-bin" "-marionette" "-foreground" "-no-remote" "-profile" "/var/folders/8h/07lsbt1s45s046qgm82pksyr0000gn/T/rust_mozprofile.KX837KLNMzoi"
2018-07-27 12:44:01.613 plugin-container[1528:59304] *** CFMessagePort: bootstrap_register(): failed 1100 (0x44c) 'Permission denied', port = 0x8403, name = 'com.apple.tsm.portname'
See /usr/include/servers/bootstrap_defs.h for the error codes.
2018-07-27 12:44:01.756 plugin-container[1529:59325] *** CFMessagePort: bootstrap_register(): failed 1100 (0x44c) 'Permission denied', port = 0x873b, name = 'com.apple.tsm.portname'
See /usr/include/servers/bootstrap_defs.h for the error codes.
1532695441945	Marionette	INFO	Listening on port 50277
1532695441991	Marionette	WARN	TLS certificate errors will be ignored for this session
2018-07-27 12:44:02.549 plugin-container[1530:59443] *** CFMessagePort: bootstrap_register(): failed 1100 (0x44c) 'Permission denied', port = 0x773f, name = 'com.apple.tsm.portname'
See /usr/include/servers/bootstrap_defs.h for the error codes.
*** UTM:SVC TimerManager:registerTimer called after profile-before-change notification. Ignoring timer registration for id: telemetry_modules_ping
1532695580996	geckodriver	INFO	geckodriver 0.21.0
1532695581016	geckodriver	INFO	Listening on 127.0.0.1:50405
1532695581985	mozrunner::runner	INFO	Running command: "/Applications/Firefox.app/Contents/MacOS/firefox-bin" "-marionette" "-foreground" "-no-remote" "-profile" "/var/folders/8h/07lsbt1s45s046qgm82pksyr0000gn/T/rust_mozprofile.i6FTtTqWBjoW"
2018-07-27 12:46:23.137 plugin-container[1608:63356] *** CFMessagePort: bootstrap_register(): failed 1100 (0x44c) 'Permission denied', port = 0x843f, name = 'com.apple.tsm.portname'
See /usr/include/servers/bootstrap_defs.h for the error codes.
2018-07-27 12:46:23.343 plugin-container[1609:63380] *** CFMessagePort: bootstrap_register(): failed 1100 (0x44c) 'Permission denied', port = 0x7707, name = 'com.apple.tsm.portname'
See /usr/include/servers/bootstrap_defs.h for the error codes.
1532695583612	Marionette	INFO	Listening on port 50412
1532695583712	Marionette	WARN	TLS certificate errors will be ignored for this session
2018-07-27 12:46:24.117 plugin-container[1610:63494] *** CFMessagePort: bootstrap_register(): failed 1100 (0x44c) 'Permission denied', port = 0x723f, name = 'com.apple.tsm.portname'
See /usr/include/servers/bootstrap_defs.h for the error codes.
*** UTM:SVC TimerManager:registerTimer called after profile-before-change notification. Ignoring timer registration for id: telemetry_modules_ping
1532695612910	geckodriver	INFO	geckodriver 0.21.0
1532695612916	geckodriver	INFO	Listening on 127.0.0.1:50469
1532695613913	mozrunner::runner	INFO	Running command: "/Applications/Firefox.app/Contents/MacOS/firefox-bin" "-marionette" "-foreground" "-no-remote" "-profile" "/var/folders/8h/07lsbt1s45s046qgm82pksyr0000gn/T/rust_mozprofile.u8w6xplwEOmH"
2018-07-27 12:46:54.983 plugin-container[1644:64651] *** CFMessagePort: bootstrap_register(): failed 1100 (0x44c) 'Permission denied', port = 0x863f, name = 'com.apple.tsm.portname'
See /usr/include/servers/bootstrap_defs.h for the error codes.
2018-07-27 12:46:55.136 plugin-container[1645:64673] *** CFMessagePort: bootstrap_register(): failed 1100 (0x44c) 'Permission denied', port = 0x8a3f, name = 'com.apple.tsm.portname'
See /usr/include/servers/bootstrap_defs.h for the error codes.
1532695615320	Marionette	INFO	Listening on port 50476
1532695615342	Marionette	WARN	TLS certificate errors will be ignored for this session
2018-07-27 12:46:55.900 plugin-container[1646:64806] *** CFMessagePort: bootstrap_register(): failed 1100 (0x44c) 'Permission denied', port = 0x8d43, name = 'com.apple.tsm.portname'
See /usr/include/servers/bootstrap_defs.h for the error codes.
*** UTM:SVC TimerManager:registerTimer called after profile-before-change notification. Ignoring timer registration for id: telemetry_modules_ping
1532695681304	geckodriver	INFO	geckodriver 0.21.0
1532695681309	geckodriver	INFO	Listening on 127.0.0.1:50542
1532695682318	mozrunner::runner	INFO	Running command: "/Applications/Firefox.app/Contents/MacOS/firefox-bin" "-marionette" "-foreground" "-no-remote" "-profile" "/var/folders/8h/07lsbt1s45s046qgm82pksyr0000gn/T/rust_mozprofile.8b5Jrzv8aMDx"
2018-07-27 12:48:03.349 plugin-container[1723:65967] *** CFMessagePort: bootstrap_register(): failed 1100 (0x44c) 'Permission denied', port = 0x713f, name = 'com.apple.tsm.portname'
See /usr/include/servers/bootstrap_defs.h for the error codes.
2018-07-27 12:48:03.513 plugin-container[1724:65991] *** CFMessagePort: bootstrap_register(): failed 1100 (0x44c) 'Permission denied', port = 0x8a43, name = 'com.apple.tsm.portname'
See /usr/include/servers/bootstrap_defs.h for the error codes.
1532695683671	Marionette	INFO	Listening on port 50549
1532695683747	Marionette	WARN	TLS certificate errors will be ignored for this session
2018-07-27 12:48:04.305 plugin-container[1725:66109] *** CFMessagePort: bootstrap_register(): failed 1100 (0x44c) 'Permission denied', port = 0x7343, name = 'com.apple.tsm.portname'
See /usr/include/servers/bootstrap_defs.h for the error codes.
*** UTM:SVC TimerManager:registerTimer called after profile-before-change notification. Ignoring timer registration for id: telemetry_modules_ping
1532695797242	geckodriver	INFO	geckodriver 0.21.0
1532695797247	geckodriver	INFO	Listening on 127.0.0.1:50605
1532695798235	mozrunner::runner	INFO	Running command: "/Applications/Firefox.app/Contents/MacOS/firefox-bin" "-marionette" "-foreground" "-no-remote" "-profile" "/var/folders/8h/07lsbt1s45s046qgm82pksyr0000gn/T/rust_mozprofile.WjU0JJwIGKxh"
2018-07-27 12:49:59.304 plugin-container[1761:68547] *** CFMessagePort: bootstrap_register(): failed 1100 (0x44c) 'Permission denied', port = 0x7c3f, name = 'com.apple.tsm.portname'
See /usr/include/servers/bootstrap_defs.h for the error codes.
2018-07-27 12:49:59.451 plugin-container[1762:68570] *** CFMessagePort: bootstrap_register(): failed 1100 (0x44c) 'Permission denied', port = 0x853f, name = 'com.apple.tsm.portname'
See /usr/include/servers/bootstrap_defs.h for the error codes.
1532695799637	Marionette	INFO	Listening on port 50613
1532695799681	Marionette	WARN	TLS certificate errors will be ignored for this session
2018-07-27 12:50:00.217 plugin-container[1765:68700] *** CFMessagePort: bootstrap_register(): failed 1100 (0x44c) 'Permission denied', port = 0x7543, name = 'com.apple.tsm.portname'
See /usr/include/servers/bootstrap_defs.h for the error codes.
*** UTM:SVC TimerManager:registerTimer called after profile-before-change notification. Ignoring timer registration for id: telemetry_modules_ping
1532696386967	geckodriver	INFO	geckodriver 0.21.0
1532696386985	geckodriver	INFO	Listening on 127.0.0.1:50746
1532696387965	mozrunner::runner	INFO	Running command: "/Applications/Firefox.app/Contents/MacOS/firefox-bin" "-marionette" "-foreground" "-no-remote" "-profile" "/var/folders/8h/07lsbt1s45s046qgm82pksyr0000gn/T/rust_mozprofile.2zs4ti03nY6S"
2018-07-27 12:59:48.979 plugin-container[1998:80914] *** CFMessagePort: bootstrap_register(): failed 1100 (0x44c) 'Permission denied', port = 0x833f, name = 'com.apple.tsm.portname'
See /usr/include/servers/bootstrap_defs.h for the error codes.
2018-07-27 12:59:49.179 plugin-container[1999:80939] *** CFMessagePort: bootstrap_register(): failed 1100 (0x44c) 'Permission denied', port = 0x763f, name = 'com.apple.tsm.portname'
See /usr/include/servers/bootstrap_defs.h for the error codes.
1532696389371	Marionette	INFO	Listening on port 50754
1532696389409	Marionette	WARN	TLS certificate errors will be ignored for this session
2018-07-27 12:59:49.991 plugin-container[2000:81062] *** CFMessagePort: bootstrap_register(): failed 1100 (0x44c) 'Permission denied', port = 0x703f, name = 'com.apple.tsm.portname'
See /usr/include/servers/bootstrap_defs.h for the error codes.
*** UTM:SVC TimerManager:registerTimer called after profile-before-change notification. Ignoring timer registration for id: telemetry_modules_ping
1532696428475	geckodriver	INFO	geckodriver 0.21.0
1532696428480	geckodriver	INFO	Listening on 127.0.0.1:50810
1532696429490	mozrunner::runner	INFO	Running command: "/Applications/Firefox.app/Contents/MacOS/firefox-bin" "-marionette" "-foreground" "-no-remote" "-profile" "/var/folders/8h/07lsbt1s45s046qgm82pksyr0000gn/T/rust_mozprofile.gXiKvnSZVWoo"
2018-07-27 13:00:30.515 plugin-container[2037:81847] *** CFMessagePort: bootstrap_register(): failed 1100 (0x44c) 'Permission denied', port = 0x7a03, name = 'com.apple.tsm.portname'
See /usr/include/servers/bootstrap_defs.h for the error codes.
2018-07-27 13:00:30.677 plugin-container[2038:81870] *** CFMessagePort: bootstrap_register(): failed 1100 (0x44c) 'Permission denied', port = 0x7143, name = 'com.apple.tsm.portname'
See /usr/include/servers/bootstrap_defs.h for the error codes.
1532696430854	Marionette	INFO	Listening on port 50817
1532696430915	Marionette	WARN	TLS certificate errors will be ignored for this session
2018-07-27 13:00:31.474 plugin-container[2040:81999] *** CFMessagePort: bootstrap_register(): failed 1100 (0x44c) 'Permission denied', port = 0x8507, name = 'com.apple.tsm.portname'
See /usr/include/servers/bootstrap_defs.h for the error codes.
*** UTM:SVC TimerManager:registerTimer called after profile-before-change notification. Ignoring timer registration for id: telemetry_modules_ping
1532696609158	geckodriver	INFO	geckodriver 0.21.0
1532696609163	geckodriver	INFO	Listening on 127.0.0.1:50884
1532696610167	mozrunner::runner	INFO	Running command: "/Applications/Firefox.app/Contents/MacOS/firefox-bin" "-marionette" "-foreground" "-no-remote" "-profile" "/var/folders/8h/07lsbt1s45s046qgm82pksyr0000gn/T/rust_mozprofile.T6YaMRr4bYy3"
2018-07-27 13:03:31.203 plugin-container[2133:89301] *** CFMessagePort: bootstrap_register(): failed 1100 (0x44c) 'Permission denied', port = 0x853f, name = 'com.apple.tsm.portname'
See /usr/include/servers/bootstrap_defs.h for the error codes.
2018-07-27 13:03:31.355 plugin-container[2134:89324] *** CFMessagePort: bootstrap_register(): failed 1100 (0x44c) 'Permission denied', port = 0x7b3b, name = 'com.apple.tsm.portname'
See /usr/include/servers/bootstrap_defs.h for the error codes.
1532696611519	Marionette	INFO	Listening on port 50891
1532696611605	Marionette	WARN	TLS certificate errors will be ignored for this session
2018-07-27 13:03:32.135 plugin-container[2135:89450] *** CFMessagePort: bootstrap_register(): failed 1100 (0x44c) 'Permission denied', port = 0x833f, name = 'com.apple.tsm.portname'
See /usr/include/servers/bootstrap_defs.h for the error codes.
*** UTM:SVC TimerManager:registerTimer called after profile-before-change notification. Ignoring timer registration for id: telemetry_modules_ping
1532696845627	geckodriver	INFO	geckodriver 0.21.0
1532696845631	geckodriver	INFO	Listening on 127.0.0.1:50957
1532696846641	mozrunner::runner	INFO	Running command: "/Applications/Firefox.app/Contents/MacOS/firefox-bin" "-marionette" "-foreground" "-no-remote" "-profile" "/var/folders/8h/07lsbt1s45s046qgm82pksyr0000gn/T/rust_mozprofile.xMWQeGL1sqBR"
2018-07-27 13:07:27.674 plugin-container[2235:95644] *** CFMessagePort: bootstrap_register(): failed 1100 (0x44c) 'Permission denied', port = 0x733f, name = 'com.apple.tsm.portname'
See /usr/include/servers/bootstrap_defs.h for the error codes.
2018-07-27 13:07:27.829 plugin-container[2236:95669] *** CFMessagePort: bootstrap_register(): failed 1100 (0x44c) 'Permission denied', port = 0x783f, name = 'com.apple.tsm.portname'
See /usr/include/servers/bootstrap_defs.h for the error codes.
1532696848058	Marionette	INFO	Listening on port 50964
1532696848072	Marionette	WARN	TLS certificate errors will be ignored for this session
2018-07-27 13:07:28.625 plugin-container[2237:95787] *** CFMessagePort: bootstrap_register(): failed 1100 (0x44c) 'Permission denied', port = 0x8707, name = 'com.apple.tsm.portname'
See /usr/include/servers/bootstrap_defs.h for the error codes.
*** UTM:SVC TimerManager:registerTimer called after profile-before-change notification. Ignoring timer registration for id: telemetry_modules_ping
1532697071639	geckodriver	INFO	geckodriver 0.21.0
1532697071644	geckodriver	INFO	Listening on 127.0.0.1:51058
1532697072650	mozrunner::runner	INFO	Running command: "/Applications/Firefox.app/Contents/MacOS/firefox-bin" "-marionette" "-foreground" "-no-remote" "-profile" "/var/folders/8h/07lsbt1s45s046qgm82pksyr0000gn/T/rust_mozprofile.D9z3eapYj8Av"
2018-07-27 13:11:13.690 plugin-container[2318:103597] *** CFMessagePort: bootstrap_register(): failed 1100 (0x44c) 'Permission denied', port = 0x8603, name = 'com.apple.tsm.portname'
See /usr/include/servers/bootstrap_defs.h for the error codes.
2018-07-27 13:11:13.847 plugin-container[2319:103619] *** CFMessagePort: bootstrap_register(): failed 1100 (0x44c) 'Permission denied', port = 0x8d3f, name = 'com.apple.tsm.portname'
See /usr/include/servers/bootstrap_defs.h for the error codes.
1532697074013	Marionette	INFO	Listening on port 51065
1532697074086	Marionette	WARN	TLS certificate errors will be ignored for this session
2018-07-27 13:11:14.622 plugin-container[2320:103741] *** CFMessagePort: bootstrap_register(): failed 1100 (0x44c) 'Permission denied', port = 0x893b, name = 'com.apple.tsm.portname'
See /usr/include/servers/bootstrap_defs.h for the error codes.
*** UTM:SVC TimerManager:registerTimer called after profile-before-change notification. Ignoring timer registration for id: telemetry_modules_ping
1532697369941	geckodriver	INFO	geckodriver 0.21.0
1532697369946	geckodriver	INFO	Listening on 127.0.0.1:51150
1532697370945	mozrunner::runner	INFO	Running command: "/Applications/Firefox.app/Contents/MacOS/firefox-bin" "-marionette" "-foreground" "-no-remote" "-profile" "/var/folders/8h/07lsbt1s45s046qgm82pksyr0000gn/T/rust_mozprofile.SNTZ6MzolJxf"
2018-07-27 13:16:12.005 plugin-container[2529:108859] *** CFMessagePort: bootstrap_register(): failed 1100 (0x44c) 'Permission denied', port = 0x8f3f, name = 'com.apple.tsm.portname'
See /usr/include/servers/bootstrap_defs.h for the error codes.
2018-07-27 13:16:12.162 plugin-container[2530:108884] *** CFMessagePort: bootstrap_register(): failed 1100 (0x44c) 'Permission denied', port = 0x783f, name = 'com.apple.tsm.portname'
See /usr/include/servers/bootstrap_defs.h for the error codes.
1532697372356	Marionette	INFO	Listening on port 51157
1532697372385	Marionette	WARN	TLS certificate errors will be ignored for this session
2018-07-27 13:16:12.926 plugin-container[2532:109009] *** CFMessagePort: bootstrap_register(): failed 1100 (0x44c) 'Permission denied', port = 0x7503, name = 'com.apple.tsm.portname'
See /usr/include/servers/bootstrap_defs.h for the error codes.
*** UTM:SVC TimerManager:registerTimer called after profile-before-change notification. Ignoring timer registration for id: telemetry_modules_ping
1532697527035	geckodriver	INFO	geckodriver 0.21.0
1532697527041	geckodriver	INFO	Listening on 127.0.0.1:51231
1532697528028	mozrunner::runner	INFO	Running command: "/Applications/Firefox.app/Contents/MacOS/firefox-bin" "-marionette" "-foreground" "-no-remote" "-profile" "/var/folders/8h/07lsbt1s45s046qgm82pksyr0000gn/T/rust_mozprofile.HhCcJNxSylZf"
2018-07-27 13:18:49.090 plugin-container[2698:115614] *** CFMessagePort: bootstrap_register(): failed 1100 (0x44c) 'Permission denied', port = 0x8d3f, name = 'com.apple.tsm.portname'
See /usr/include/servers/bootstrap_defs.h for the error codes.
2018-07-27 13:18:49.254 plugin-container[2699:115639] *** CFMessagePort: bootstrap_register(): failed 1100 (0x44c) 'Permission denied', port = 0x8a3f, name = 'com.apple.tsm.portname'
See /usr/include/servers/bootstrap_defs.h for the error codes.
1532697529434	Marionette	INFO	Listening on port 51238
1532697529478	Marionette	WARN	TLS certificate errors will be ignored for this session
2018-07-27 13:18:50.044 plugin-container[2701:115759] *** CFMessagePort: bootstrap_register(): failed 1100 (0x44c) 'Permission denied', port = 0x8c3f, name = 'com.apple.tsm.portname'
See /usr/include/servers/bootstrap_defs.h for the error codes.
*** UTM:SVC TimerManager:registerTimer called after profile-before-change notification. Ignoring timer registration for id: telemetry_modules_ping
1533131280325	geckodriver	INFO	geckodriver 0.21.0
1533131280361	geckodriver	INFO	Listening on 127.0.0.1:51498
1533131281197	mozrunner::runner	INFO	Running command: "/Applications/Firefox.app/Contents/MacOS/firefox-bin" "-marionette" "-foreground" "-no-remote" "-profile" "/var/folders/8h/07lsbt1s45s046qgm82pksyr0000gn/T/rust_mozprofile.JhRbbiMJwMKp"
2018-08-01 13:48:02.614 plugin-container[1714:275046] *** CFMessagePort: bootstrap_register(): failed 1100 (0x44c) 'Permission denied', port = 0x873f, name = 'com.apple.tsm.portname'
See /usr/include/servers/bootstrap_defs.h for the error codes.
2018-08-01 13:48:02.910 plugin-container[1715:275078] *** CFMessagePort: bootstrap_register(): failed 1100 (0x44c) 'Permission denied', port = 0x8937, name = 'com.apple.tsm.portname'
See /usr/include/servers/bootstrap_defs.h for the error codes.
1533131283251	Marionette	INFO	Listening on port 51509
1533131283338	Marionette	WARN	TLS certificate errors will be ignored for this session
2018-08-01 13:48:03.564 plugin-container[1717:275219] *** CFMessagePort: bootstrap_register(): failed 1100 (0x44c) 'Permission denied', port = 0x762f, name = 'com.apple.tsm.portname'
See /usr/include/servers/bootstrap_defs.h for the error codes.
*** UTM:SVC TimerManager:registerTimer called after profile-before-change notification. Ignoring timer registration for id: telemetry_modules_ping
1533200396088	geckodriver	INFO	geckodriver 0.21.0
1533200396114	geckodriver	INFO	Listening on 127.0.0.1:51612
1533200396953	mozrunner::runner	INFO	Running command: "/Applications/Firefox.app/Contents/MacOS/firefox-bin" "-marionette" "-foreground" "-no-remote" "-profile" "/var/folders/8h/07lsbt1s45s046qgm82pksyr0000gn/T/rust_mozprofile.wSHxDugBguHT"
2018-08-02 08:59:58.232 plugin-container[1654:181260] *** CFMessagePort: bootstrap_register(): failed 1100 (0x44c) 'Permission denied', port = 0x883f, name = 'com.apple.tsm.portname'
See /usr/include/servers/bootstrap_defs.h for the error codes.
2018-08-02 08:59:58.453 plugin-container[1655:181287] *** CFMessagePort: bootstrap_register(): failed 1100 (0x44c) 'Permission denied', port = 0x7c2f, name = 'com.apple.tsm.portname'
See /usr/include/servers/bootstrap_defs.h for the error codes.
1533200398685	Marionette	INFO	Listening on port 51623
1533200398723	Marionette	WARN	TLS certificate errors will be ignored for this session
2018-08-02 08:59:59.222 plugin-container[1657:181419] *** CFMessagePort: bootstrap_register(): failed 1100 (0x44c) 'Permission denied', port = 0x7507, name = 'com.apple.tsm.portname'
See /usr/include/servers/bootstrap_defs.h for the error codes.
*** UTM:SVC TimerManager:registerTimer called after profile-before-change notification. Ignoring timer registration for id: telemetry_modules_ping
1533200510566	geckodriver	INFO	geckodriver 0.21.0
1533200510571	geckodriver	INFO	Listening on 127.0.0.1:51701
1533200511572	mozrunner::runner	INFO	Running command: "/Applications/Firefox.app/Contents/MacOS/firefox-bin" "-marionette" "-foreground" "-no-remote" "-profile" "/var/folders/8h/07lsbt1s45s046qgm82pksyr0000gn/T/rust_mozprofile.VtGdKidsRDL9"
2018-08-02 09:01:52.621 plugin-container[1730:185525] *** CFMessagePort: bootstrap_register(): failed 1100 (0x44c) 'Permission denied', port = 0x853f, name = 'com.apple.tsm.portname'
See /usr/include/servers/bootstrap_defs.h for the error codes.
2018-08-02 09:01:52.835 plugin-container[1731:185551] *** CFMessagePort: bootstrap_register(): failed 1100 (0x44c) 'Permission denied', port = 0x753f, name = 'com.apple.tsm.portname'
See /usr/include/servers/bootstrap_defs.h for the error codes.
1533200513024	Marionette	INFO	Listening on port 51712
1533200513107	Marionette	WARN	TLS certificate errors will be ignored for this session
2018-08-02 09:01:53.632 plugin-container[1733:185708] *** CFMessagePort: bootstrap_register(): failed 1100 (0x44c) 'Permission denied', port = 0x8f43, name = 'com.apple.tsm.portname'
See /usr/include/servers/bootstrap_defs.h for the error codes.
*** UTM:SVC TimerManager:registerTimer called after profile-before-change notification. Ignoring timer registration for id: telemetry_modules_ping
1533200586538	geckodriver	INFO	geckodriver 0.21.0
1533200586544	geckodriver	INFO	Listening on 127.0.0.1:51779
1533200587553	mozrunner::runner	INFO	Running command: "/Applications/Firefox.app/Contents/MacOS/firefox-bin" "-marionette" "-foreground" "-no-remote" "-profile" "/var/folders/8h/07lsbt1s45s046qgm82pksyr0000gn/T/rust_mozprofile.dCC1PdqUECtT"
2018-08-02 09:03:08.704 plugin-container[1793:188515] *** CFMessagePort: bootstrap_register(): failed 1100 (0x44c) 'Permission denied', port = 0x892b, name = 'com.apple.tsm.portname'
See /usr/include/servers/bootstrap_defs.h for the error codes.
2018-08-02 09:03:08.783 plugin-container[1794:188547] *** CFMessagePort: bootstrap_register(): failed 1100 (0x44c) 'Permission denied', port = 0x853f, name = 'com.apple.tsm.portname'
See /usr/include/servers/bootstrap_defs.h for the error codes.
1533200588964	Marionette	INFO	Listening on port 51786
1533200589005	Marionette	WARN	TLS certificate errors will be ignored for this session
2018-08-02 09:03:09.603 plugin-container[1796:188753] *** CFMessagePort: bootstrap_register(): failed 1100 (0x44c) 'Permission denied', port = 0x7543, name = 'com.apple.tsm.portname'
See /usr/include/servers/bootstrap_defs.h for the error codes.
*** UTM:SVC TimerManager:registerTimer called after profile-before-change notification. Ignoring timer registration for id: telemetry_modules_ping
1533202455397	geckodriver	INFO	geckodriver 0.21.0
1533202455408	geckodriver	INFO	Listening on 127.0.0.1:52313
1533202456407	mozrunner::runner	INFO	Running command: "/Applications/Firefox.app/Contents/MacOS/firefox-bin" "-marionette" "--headless" "-foreground" "-no-remote" "-profile" "/var/folders/8h/07lsbt1s45s046qgm82pksyr0000gn/T/rust_mozprofile.0tiaZUqaLhOx"
*** You are running in headless mode.
2018-08-02 09:34:17.464 plugin-container[2203:245578] *** CFMessagePort: bootstrap_register(): failed 1100 (0x44c) 'Permission denied', port = 0x8703, name = 'com.apple.tsm.portname'
See /usr/include/servers/bootstrap_defs.h for the error codes.
2018-08-02 09:34:17.678 plugin-container[2204:245624] *** CFMessagePort: bootstrap_register(): failed 1100 (0x44c) 'Permission denied', port = 0x7703, name = 'com.apple.tsm.portname'
See /usr/include/servers/bootstrap_defs.h for the error codes.
1533202458005	Marionette	INFO	Listening on port 52320
1533202458051	Marionette	WARN	TLS certificate errors will be ignored for this session
2018-08-02 09:34:18.406 plugin-container[2206:245781] *** CFMessagePort: bootstrap_register(): failed 1100 (0x44c) 'Permission denied', port = 0x8e3f, name = 'com.apple.tsm.portname'
See /usr/include/servers/bootstrap_defs.h for the error codes.
JavaScript error: resource:///modules/FormSubmitObserver.jsm, line 214: TypeError: this._mm is null
*** UTM:SVC TimerManager:registerTimer called after profile-before-change notification. Ignoring timer registration for id: telemetry_modules_ping
1533215120347	geckodriver	INFO	geckodriver 0.21.0
1533215120356	geckodriver	INFO	Listening on 127.0.0.1:53788
1533215121355	mozrunner::runner	INFO	Running command: "/Applications/Firefox.app/Contents/MacOS/firefox-bin" "-marionette" "--headless" "-foreground" "-no-remote" "-profile" "/var/folders/8h/07lsbt1s45s046qgm82pksyr0000gn/T/rust_mozprofile.7XF87YxHTA0I"
*** You are running in headless mode.
2018-08-02 13:05:22.478 plugin-container[4103:420965] *** CFMessagePort: bootstrap_register(): failed 1100 (0x44c) 'Permission denied', port = 0x7b47, name = 'com.apple.tsm.portname'
See /usr/include/servers/bootstrap_defs.h for the error codes.
2018-08-02 13:05:22.610 plugin-container[4104:420991] *** CFMessagePort: bootstrap_register(): failed 1100 (0x44c) 'Permission denied', port = 0x743f, name = 'com.apple.tsm.portname'
See /usr/include/servers/bootstrap_defs.h for the error codes.
1533215122824	Marionette	INFO	Listening on port 53795
1533215122899	Marionette	WARN	TLS certificate errors will be ignored for this session
2018-08-02 13:05:23.416 plugin-container[4107:421104] *** CFMessagePort: bootstrap_register(): failed 1100 (0x44c) 'Permission denied', port = 0x903f, name = 'com.apple.tsm.portname'
See /usr/include/servers/bootstrap_defs.h for the error codes.
JavaScript error: resource:///modules/FormSubmitObserver.jsm, line 214: TypeError: this._mm is null
*** UTM:SVC TimerManager:registerTimer called after profile-before-change notification. Ignoring timer registration for id: telemetry_modules_ping
1533216882757	geckodriver	INFO	geckodriver 0.21.0
1533216882780	geckodriver	INFO	Listening on 127.0.0.1:54077
1533216883763	mozrunner::runner	INFO	Running command: "/Applications/Firefox.app/Contents/MacOS/firefox-bin" "-marionette" "--headless" "-foreground" "-no-remote" "-profile" "/var/folders/8h/07lsbt1s45s046qgm82pksyr0000gn/T/rust_mozprofile.VBg48RKw3p6m"
*** You are running in headless mode.
2018-08-02 13:34:44.841 plugin-container[5531:471720] *** CFMessagePort: bootstrap_register(): failed 1100 (0x44c) 'Permission denied', port = 0x7203, name = 'com.apple.tsm.portname'
See /usr/include/servers/bootstrap_defs.h for the error codes.
2018-08-02 13:34:44.975 plugin-container[5532:471754] *** CFMessagePort: bootstrap_register(): failed 1100 (0x44c) 'Permission denied', port = 0x7b03, name = 'com.apple.tsm.portname'
See /usr/include/servers/bootstrap_defs.h for the error codes.
1533216885211	Marionette	INFO	Listening on port 54084
1533216885296	Marionette	WARN	TLS certificate errors will be ignored for this session
2018-08-02 13:34:45.775 plugin-container[5534:471905] *** CFMessagePort: bootstrap_register(): failed 1100 (0x44c) 'Permission denied', port = 0x883f, name = 'com.apple.tsm.portname'
See /usr/include/servers/bootstrap_defs.h for the error codes.
JavaScript error: resource:///modules/FormSubmitObserver.jsm, line 214: TypeError: this._mm is null
*** UTM:SVC TimerManager:registerTimer called after profile-before-change notification. Ignoring timer registration for id: telemetry_modules_ping
1533216956516	geckodriver	INFO	geckodriver 0.21.0
1533216956521	geckodriver	INFO	Listening on 127.0.0.1:54144
1533216957528	mozrunner::runner	INFO	Running command: "/Applications/Firefox.app/Contents/MacOS/firefox-bin" "-marionette" "--headless" "-foreground" "-no-remote" "-profile" "/var/folders/8h/07lsbt1s45s046qgm82pksyr0000gn/T/rust_mozprofile.FcKhXiQhfZPx"
*** You are running in headless mode.
2018-08-02 13:35:58.541 plugin-container[5599:474700] *** CFMessagePort: bootstrap_register(): failed 1100 (0x44c) 'Permission denied', port = 0x7943, name = 'com.apple.tsm.portname'
See /usr/include/servers/bootstrap_defs.h for the error codes.
2018-08-02 13:35:58.830 plugin-container[5600:474745] *** CFMessagePort: bootstrap_register(): failed 1100 (0x44c) 'Permission denied', port = 0x8607, name = 'com.apple.tsm.portname'
See /usr/include/servers/bootstrap_defs.h for the error codes.
1533216958894	Marionette	INFO	Listening on port 54151
1533216958961	Marionette	WARN	TLS certificate errors will be ignored for this session
2018-08-02 13:35:59.515 plugin-container[5602:474846] *** CFMessagePort: bootstrap_register(): failed 1100 (0x44c) 'Permission denied', port = 0x7e3f, name = 'com.apple.tsm.portname'
See /usr/include/servers/bootstrap_defs.h for the error codes.
JavaScript error: resource:///modules/FormSubmitObserver.jsm, line 214: TypeError: this._mm is null
*** UTM:SVC TimerManager:registerTimer called after profile-before-change notification. Ignoring timer registration for id: telemetry_modules_ping
1533217219992	geckodriver	INFO	geckodriver 0.21.0
1533217220015	geckodriver	INFO	Listening on 127.0.0.1:54263
1533217221001	mozrunner::runner	INFO	Running command: "/Applications/Firefox.app/Contents/MacOS/firefox-bin" "-marionette" "--headless" "-foreground" "-no-remote" "-profile" "/var/folders/8h/07lsbt1s45s046qgm82pksyr0000gn/T/rust_mozprofile.U5Hp2DHxPPAK"
*** You are running in headless mode.
2018-08-02 13:40:22.122 plugin-container[5770:482555] *** CFMessagePort: bootstrap_register(): failed 1100 (0x44c) 'Permission denied', port = 0x8b3f, name = 'com.apple.tsm.portname'
See /usr/include/servers/bootstrap_defs.h for the error codes.
2018-08-02 13:40:22.289 plugin-container[5771:482586] *** CFMessagePort: bootstrap_register(): failed 1100 (0x44c) 'Permission denied', port = 0x893f, name = 'com.apple.tsm.portname'
See /usr/include/servers/bootstrap_defs.h for the error codes.
1533217222439	Marionette	INFO	Listening on port 54270
1533217222548	Marionette	WARN	TLS certificate errors will be ignored for this session
2018-08-02 13:40:23.042 plugin-container[5773:482693] *** CFMessagePort: bootstrap_register(): failed 1100 (0x44c) 'Permission denied', port = 0x8a07, name = 'com.apple.tsm.portname'
See /usr/include/servers/bootstrap_defs.h for the error codes.
JavaScript error: resource:///modules/FormSubmitObserver.jsm, line 214: TypeError: this._mm is null
*** UTM:SVC TimerManager:registerTimer called after profile-before-change notification. Ignoring timer registration for id: telemetry_modules_ping
1533217372767	geckodriver	INFO	geckodriver 0.21.0
1533217372791	geckodriver	INFO	Listening on 127.0.0.1:54343
1533217373773	mozrunner::runner	INFO	Running command: "/Applications/Firefox.app/Contents/MacOS/firefox-bin" "-marionette" "--headless" "-foreground" "-no-remote" "-profile" "/var/folders/8h/07lsbt1s45s046qgm82pksyr0000gn/T/rust_mozprofile.Xa8lDZI2weBU"
*** You are running in headless mode.
2018-08-02 13:42:54.852 plugin-container[5940:485403] *** CFMessagePort: bootstrap_register(): failed 1100 (0x44c) 'Permission denied', port = 0x733f, name = 'com.apple.tsm.portname'
See /usr/include/servers/bootstrap_defs.h for the error codes.
2018-08-02 13:42:55.097 plugin-container[5941:485454] *** CFMessagePort: bootstrap_register(): failed 1100 (0x44c) 'Permission denied', port = 0x893f, name = 'com.apple.tsm.portname'
See /usr/include/servers/bootstrap_defs.h for the error codes.
1533217375317	Marionette	INFO	Listening on port 54351
1533217375338	Marionette	WARN	TLS certificate errors will be ignored for this session
2018-08-02 13:42:55.803 plugin-container[5943:485611] *** CFMessagePort: bootstrap_register(): failed 1100 (0x44c) 'Permission denied', port = 0x8d43, name = 'com.apple.tsm.portname'
See /usr/include/servers/bootstrap_defs.h for the error codes.
JavaScript error: resource:///modules/FormSubmitObserver.jsm, line 214: TypeError: this._mm is null
*** UTM:SVC TimerManager:registerTimer called after profile-before-change notification. Ignoring timer registration for id: telemetry_modules_ping
1533217876874	geckodriver	INFO	geckodriver 0.21.0
1533217876895	geckodriver	INFO	Listening on 127.0.0.1:54470
1533217877883	mozrunner::runner	INFO	Running command: "/Applications/Firefox.app/Contents/MacOS/firefox-bin" "-marionette" "--headless" "-foreground" "-no-remote" "-profile" "/var/folders/8h/07lsbt1s45s046qgm82pksyr0000gn/T/rust_mozprofile.Wu3G5JAqPnKX"
*** You are running in headless mode.
2018-08-02 13:51:19.019 plugin-container[6321:508120] *** CFMessagePort: bootstrap_register(): failed 1100 (0x44c) 'Permission denied', port = 0x813f, name = 'com.apple.tsm.portname'
See /usr/include/servers/bootstrap_defs.h for the error codes.
2018-08-02 13:51:19.145 plugin-container[6322:508165] *** CFMessagePort: bootstrap_register(): failed 1100 (0x44c) 'Permission denied', port = 0x833f, name = 'com.apple.tsm.portname'
See /usr/include/servers/bootstrap_defs.h for the error codes.
1533217879367	Marionette	INFO	Listening on port 54477
1533217879426	Marionette	WARN	TLS certificate errors will be ignored for this session
2018-08-02 13:51:19.901 plugin-container[6324:508325] *** CFMessagePort: bootstrap_register(): failed 1100 (0x44c) 'Permission denied', port = 0x773f, name = 'com.apple.tsm.portname'
See /usr/include/servers/bootstrap_defs.h for the error codes.
JavaScript error: resource:///modules/FormSubmitObserver.jsm, line 214: TypeError: this._mm is null
*** UTM:SVC TimerManager:registerTimer called after profile-before-change notification. Ignoring timer registration for id: telemetry_modules_ping
1533217921920	geckodriver	INFO	geckodriver 0.21.0
1533217921925	geckodriver	INFO	Listening on 127.0.0.1:54537
1533217922934	mozrunner::runner	INFO	Running command: "/Applications/Firefox.app/Contents/MacOS/firefox-bin" "-marionette" "--headless" "-foreground" "-no-remote" "-profile" "/var/folders/8h/07lsbt1s45s046qgm82pksyr0000gn/T/rust_mozprofile.82E6xiCMGefW"
*** You are running in headless mode.
2018-08-02 13:52:03.919 plugin-container[6392:509389] *** CFMessagePort: bootstrap_register(): failed 1100 (0x44c) 'Permission denied', port = 0x8d0b, name = 'com.apple.tsm.portname'
See /usr/include/servers/bootstrap_defs.h for the error codes.
2018-08-02 13:52:04.044 plugin-container[6393:509410] *** CFMessagePort: bootstrap_register(): failed 1100 (0x44c) 'Permission denied', port = 0x753f, name = 'com.apple.tsm.portname'
See /usr/include/servers/bootstrap_defs.h for the error codes.
1533217924252	Marionette	INFO	Listening on port 54545
1533217924281	Marionette	WARN	TLS certificate errors will be ignored for this session
2018-08-02 13:52:04.823 plugin-container[6395:509541] *** CFMessagePort: bootstrap_register(): failed 1100 (0x44c) 'Permission denied', port = 0x7243, name = 'com.apple.tsm.portname'
See /usr/include/servers/bootstrap_defs.h for the error codes.
JavaScript error: resource:///modules/FormSubmitObserver.jsm, line 214: TypeError: this._mm is null
*** UTM:SVC TimerManager:registerTimer called after profile-before-change notification. Ignoring timer registration for id: telemetry_modules_ping
1533217977641	geckodriver	INFO	geckodriver 0.21.0
1533217977648	geckodriver	INFO	Listening on 127.0.0.1:54609
1533217978649	mozrunner::runner	INFO	Running command: "/Applications/Firefox.app/Contents/MacOS/firefox-bin" "-marionette" "--headless" "-foreground" "-no-remote" "-profile" "/var/folders/8h/07lsbt1s45s046qgm82pksyr0000gn/T/rust_mozprofile.v7AmhsSYHTmG"
*** You are running in headless mode.
2018-08-02 13:52:59.705 plugin-container[6466:511652] *** CFMessagePort: bootstrap_register(): failed 1100 (0x44c) 'Permission denied', port = 0x833f, name = 'com.apple.tsm.portname'
See /usr/include/servers/bootstrap_defs.h for the error codes.
2018-08-02 13:52:59.834 plugin-container[6467:511689] *** CFMessagePort: bootstrap_register(): failed 1100 (0x44c) 'Permission denied', port = 0x783f, name = 'com.apple.tsm.portname'
See /usr/include/servers/bootstrap_defs.h for the error codes.
1533217980070	Marionette	INFO	Listening on port 54616
1533217980075	Marionette	WARN	TLS certificate errors will be ignored for this session
2018-08-02 13:53:00.603 plugin-container[6469:511852] *** CFMessagePort: bootstrap_register(): failed 1100 (0x44c) 'Permission denied', port = 0x8503, name = 'com.apple.tsm.portname'
See /usr/include/servers/bootstrap_defs.h for the error codes.
JavaScript error: resource:///modules/FormSubmitObserver.jsm, line 214: TypeError: this._mm is null
*** UTM:SVC TimerManager:registerTimer called after profile-before-change notification. Ignoring timer registration for id: telemetry_modules_ping
1533218044187	geckodriver	INFO	geckodriver 0.21.0
1533218044193	geckodriver	INFO	Listening on 127.0.0.1:54672
1533218045199	mozrunner::runner	INFO	Running command: "/Applications/Firefox.app/Contents/MacOS/firefox-bin" "-marionette" "--headless" "-foreground" "-no-remote" "-profile" "/var/folders/8h/07lsbt1s45s046qgm82pksyr0000gn/T/rust_mozprofile.4Ur7iY04jXVV"
*** You are running in headless mode.
2018-08-02 13:54:06.406 plugin-container[6512:513461] *** CFMessagePort: bootstrap_register(): failed 1100 (0x44c) 'Permission denied', port = 0x883f, name = 'com.apple.tsm.portname'
See /usr/include/servers/bootstrap_defs.h for the error codes.
2018-08-02 13:54:06.537 plugin-container[6513:513498] *** CFMessagePort: bootstrap_register(): failed 1100 (0x44c) 'Permission denied', port = 0x883f, name = 'com.apple.tsm.portname'
See /usr/include/servers/bootstrap_defs.h for the error codes.
1533218046756	Marionette	INFO	Listening on port 54679
1533218046839	Marionette	WARN	TLS certificate errors will be ignored for this session
2018-08-02 13:54:07.367 plugin-container[6515:513644] *** CFMessagePort: bootstrap_register(): failed 1100 (0x44c) 'Permission denied', port = 0x8f07, name = 'com.apple.tsm.portname'
See /usr/include/servers/bootstrap_defs.h for the error codes.
JavaScript error: resource:///modules/FormSubmitObserver.jsm, line 214: TypeError: this._mm is null
*** UTM:SVC TimerManager:registerTimer called after profile-before-change notification. Ignoring timer registration for id: telemetry_modules_ping
1533219322942	geckodriver	INFO	geckodriver 0.21.0
1533219322954	geckodriver	INFO	Listening on 127.0.0.1:54883
1533219323959	mozrunner::runner	INFO	Running command: "/Applications/Firefox.app/Contents/MacOS/firefox-bin" "-marionette" "--headless" "-foreground" "-no-remote" "-profile" "/var/folders/8h/07lsbt1s45s046qgm82pksyr0000gn/T/rust_mozprofile.ToyVW5SSOzxk"
*** You are running in headless mode.
2018-08-02 14:15:25.070 plugin-container[7577:558216] *** CFMessagePort: bootstrap_register(): failed 1100 (0x44c) 'Permission denied', port = 0x863f, name = 'com.apple.tsm.portname'
See /usr/include/servers/bootstrap_defs.h for the error codes.
2018-08-02 14:15:25.237 plugin-container[7578:558258] *** CFMessagePort: bootstrap_register(): failed 1100 (0x44c) 'Permission denied', port = 0x7e3b, name = 'com.apple.tsm.portname'
See /usr/include/servers/bootstrap_defs.h for the error codes.
1533219325428	Marionette	INFO	Listening on port 54890
1533219325496	Marionette	WARN	TLS certificate errors will be ignored for this session
2018-08-02 14:15:25.978 plugin-container[7580:558439] *** CFMessagePort: bootstrap_register(): failed 1100 (0x44c) 'Permission denied', port = 0x7137, name = 'com.apple.tsm.portname'
See /usr/include/servers/bootstrap_defs.h for the error codes.
JavaScript error: resource:///modules/FormSubmitObserver.jsm, line 214: TypeError: this._mm is null
*** UTM:SVC TimerManager:registerTimer called after profile-before-change notification. Ignoring timer registration for id: telemetry_modules_ping
